<?xml version="1.0" encoding="UTF-8"?>
<coverage generated="1553172600013" clover="3.2.0">
  <project timestamp="1553172600013" name="All files">
    <metrics statements="116" coveredstatements="112" conditionals="28" coveredconditionals="27" methods="60" coveredmethods="57" elements="204" coveredelements="196" complexity="0" loc="116" ncloc="116" packages="2" files="9" classes="9">
      <package name="actions">
        <metrics statements="67" coveredstatements="66" conditionals="0" coveredconditionals="0" methods="45" coveredmethods="44"/>
        <file name="cartActions.js" path="/home/nuwanp/mini-pos/client/src/actions/cartActions.js">
          <metrics statements="14" coveredstatements="14" conditionals="0" coveredconditionals="0" methods="13" coveredmethods="13"/>
          <line num="10" count="1" type="stmt"/>
          <line num="14" count="1" type="stmt"/>
          <line num="15" count="1" type="stmt"/>
          <line num="16" count="1" type="stmt"/>
          <line num="17" count="1" type="stmt"/>
          <line num="24" count="1" type="stmt"/>
          <line num="25" count="1" type="stmt"/>
          <line num="26" count="1" type="stmt"/>
          <line num="32" count="1" type="stmt"/>
          <line num="33" count="1" type="stmt"/>
          <line num="34" count="1" type="stmt"/>
          <line num="40" count="1" type="stmt"/>
          <line num="41" count="1" type="stmt"/>
          <line num="42" count="1" type="stmt"/>
        </file>
        <file name="cartListActions.js" path="/home/nuwanp/mini-pos/client/src/actions/cartListActions.js">
          <metrics statements="16" coveredstatements="16" conditionals="0" coveredconditionals="0" methods="13" coveredmethods="13"/>
          <line num="10" count="3" type="stmt"/>
          <line num="14" count="1" type="stmt"/>
          <line num="15" count="1" type="stmt"/>
          <line num="16" count="1" type="stmt"/>
          <line num="17" count="1" type="stmt"/>
          <line num="24" count="1" type="stmt"/>
          <line num="25" count="1" type="stmt"/>
          <line num="26" count="1" type="stmt"/>
          <line num="27" count="1" type="stmt"/>
          <line num="34" count="1" type="stmt"/>
          <line num="35" count="1" type="stmt"/>
          <line num="36" count="1" type="stmt"/>
          <line num="42" count="1" type="stmt"/>
          <line num="43" count="1" type="stmt"/>
          <line num="44" count="1" type="stmt"/>
          <line num="45" count="1" type="stmt"/>
        </file>
        <file name="itemActions.js" path="/home/nuwanp/mini-pos/client/src/actions/itemActions.js">
          <metrics statements="11" coveredstatements="11" conditionals="0" coveredconditionals="0" methods="10" coveredmethods="10"/>
          <line num="4" count="2" type="stmt"/>
          <line num="8" count="2" type="stmt"/>
          <line num="9" count="1" type="stmt"/>
          <line num="10" count="1" type="stmt"/>
          <line num="11" count="1" type="stmt"/>
          <line num="18" count="2" type="stmt"/>
          <line num="19" count="1" type="stmt"/>
          <line num="20" count="1" type="stmt"/>
          <line num="27" count="2" type="stmt"/>
          <line num="28" count="1" type="stmt"/>
          <line num="29" count="1" type="stmt"/>
        </file>
        <file name="loginAction.js" path="/home/nuwanp/mini-pos/client/src/actions/loginAction.js">
          <metrics statements="10" coveredstatements="9" conditionals="0" coveredconditionals="0" methods="9" coveredmethods="8"/>
          <line num="4" count="2" type="stmt"/>
          <line num="5" count="2" type="stmt"/>
          <line num="6" count="2" type="stmt"/>
          <line num="9" count="1" type="stmt"/>
          <line num="13" count="1" type="stmt"/>
          <line num="16" count="0" type="stmt"/>
          <line num="20" count="2" type="stmt"/>
          <line num="21" count="2" type="stmt"/>
          <line num="24" count="1" type="stmt"/>
          <line num="30" count="1" type="stmt"/>
        </file>
        <file name="types.js" path="/home/nuwanp/mini-pos/client/src/actions/types.js">
          <metrics statements="16" coveredstatements="16" conditionals="0" coveredconditionals="0" methods="0" coveredmethods="0"/>
          <line num="1" count="10" type="stmt"/>
          <line num="2" count="10" type="stmt"/>
          <line num="3" count="10" type="stmt"/>
          <line num="4" count="10" type="stmt"/>
          <line num="6" count="10" type="stmt"/>
          <line num="7" count="10" type="stmt"/>
          <line num="8" count="10" type="stmt"/>
          <line num="9" count="10" type="stmt"/>
          <line num="10" count="10" type="stmt"/>
          <line num="12" count="10" type="stmt"/>
          <line num="13" count="10" type="stmt"/>
          <line num="15" count="10" type="stmt"/>
          <line num="16" count="10" type="stmt"/>
          <line num="17" count="10" type="stmt"/>
          <line num="18" count="10" type="stmt"/>
          <line num="19" count="10" type="stmt"/>
        </file>
      </package>
      <package name="reducers">
        <metrics statements="49" coveredstatements="46" conditionals="28" coveredconditionals="27" methods="15" coveredmethods="13"/>
        <file name="cartListReducer.js" path="/home/nuwanp/mini-pos/client/src/reducers/cartListReducer.js">
          <metrics statements="14" coveredstatements="11" conditionals="9" coveredconditionals="8" methods="6" coveredmethods="4"/>
          <line num="9" count="1" type="stmt"/>
          <line num="16" count="6" type="cond" truecount="5" falsecount="1"/>
          <line num="18" count="2" type="stmt"/>
          <line num="26" count="0" type="stmt"/>
          <line num="27" count="0" type="stmt"/>
          <line num="32" count="0" type="stmt"/>
          <line num="41" count="1" type="stmt"/>
          <line num="44" count="3" type="stmt"/>
          <line num="50" count="1" type="stmt"/>
          <line num="51" count="3" type="stmt"/>
          <line num="54" count="1" type="stmt"/>
          <line num="57" count="3" type="cond" truecount="2" falsecount="0"/>
          <line num="64" count="1" type="stmt"/>
          <line num="70" count="1" type="stmt"/>
        </file>
        <file name="cartReducer.js" path="/home/nuwanp/mini-pos/client/src/reducers/cartReducer.js">
          <metrics statements="22" coveredstatements="22" conditionals="9" coveredconditionals="9" methods="6" coveredmethods="6"/>
          <line num="9" count="1" type="stmt"/>
          <line num="17" count="7" type="cond" truecount="6" falsecount="0"/>
          <line num="19" count="2" type="stmt"/>
          <line num="20" count="2" type="stmt"/>
          <line num="21" count="4" type="stmt"/>
          <line num="26" count="2" type="stmt"/>
          <line num="34" count="1" type="stmt"/>
          <line num="35" count="1" type="stmt"/>
          <line num="36" count="2" type="stmt"/>
          <line num="38" count="1" type="stmt"/>
          <line num="39" count="1" type="stmt"/>
          <line num="43" count="1" type="stmt"/>
          <line num="49" count="1" type="stmt"/>
          <line num="71" count="1" type="stmt"/>
          <line num="72" count="1" type="stmt"/>
          <line num="73" count="2" type="cond" truecount="2" falsecount="0"/>
          <line num="74" count="1" type="stmt"/>
          <line num="77" count="1" type="stmt"/>
          <line num="78" count="2" type="stmt"/>
          <line num="82" count="1" type="stmt"/>
          <line num="87" count="1" type="stmt"/>
          <line num="92" count="1" type="stmt"/>
        </file>
        <file name="itemReducer.js" path="/home/nuwanp/mini-pos/client/src/reducers/itemReducer.js">
          <metrics statements="8" coveredstatements="8" conditionals="6" coveredconditionals="6" methods="2" coveredmethods="2"/>
          <line num="8" count="1" type="stmt"/>
          <line num="14" count="6" type="cond" truecount="5" falsecount="0"/>
          <line num="16" count="2" type="stmt"/>
          <line num="22" count="1" type="stmt"/>
          <line num="24" count="2" type="stmt"/>
          <line num="27" count="1" type="stmt"/>
          <line num="32" count="1" type="stmt"/>
          <line num="37" count="1" type="stmt"/>
        </file>
        <file name="loginReducer.js" path="/home/nuwanp/mini-pos/client/src/reducers/loginReducer.js">
          <metrics statements="5" coveredstatements="5" conditionals="4" coveredconditionals="4" methods="1" coveredmethods="1"/>
          <line num="3" count="1" type="stmt"/>
          <line num="9" count="5" type="cond" truecount="3" falsecount="0"/>
          <line num="11" count="2" type="stmt"/>
          <line num="17" count="2" type="stmt"/>
          <line num="22" count="1" type="stmt"/>
        </file>
      </package>
    </metrics>
  </project>
</coverage>
