{"/home/nuwanp/mini-pos/client/src/actions/cartActions.js": {"path":"/home/nuwanp/mini-pos/client/src/actions/cartActions.js","statementMap":{"0":{"start":{"line":10,"column":35},"end":{"line":12,"column":2}},"1":{"start":{"line":10,"column":42},"end":{"line":12,"column":1}},"2":{"start":{"line":14,"column":28},"end":{"line":22,"column":1}},"3":{"start":{"line":14,"column":34},"end":{"line":22,"column":1}},"4":{"start":{"line":15,"column":2},"end":{"line":15,"column":34}},"5":{"start":{"line":16,"column":2},"end":{"line":21,"column":5}},"6":{"start":{"line":17,"column":4},"end":{"line":20,"column":7}},"7":{"start":{"line":24,"column":30},"end":{"line":27,"column":3}},"8":{"start":{"line":24,"column":38},"end":{"line":27,"column":3}},"9":{"start":{"line":24,"column":50},"end":{"line":27,"column":3}},"10":{"start":{"line":24,"column":93},"end":{"line":27,"column":2}},"11":{"start":{"line":29,"column":27},"end":{"line":34,"column":2}},"12":{"start":{"line":29,"column":35},"end":{"line":34,"column":2}},"13":{"start":{"line":29,"column":47},"end":{"line":34,"column":2}},"14":{"start":{"line":30,"column":2},"end":{"line":33,"column":5}},"15":{"start":{"line":36,"column":30},"end":{"line":39,"column":3}},"16":{"start":{"line":36,"column":38},"end":{"line":39,"column":3}},"17":{"start":{"line":36,"column":50},"end":{"line":39,"column":3}},"18":{"start":{"line":36,"column":92},"end":{"line":39,"column":2}}},"fnMap":{"0":{"name":"(anonymous_0)","decl":{"start":{"line":10,"column":35},"end":{"line":10,"column":36}},"loc":{"start":{"line":10,"column":42},"end":{"line":12,"column":1}},"line":10},"1":{"name":"(anonymous_1)","decl":{"start":{"line":14,"column":28},"end":{"line":14,"column":29}},"loc":{"start":{"line":14,"column":34},"end":{"line":22,"column":1}},"line":14},"2":{"name":"(anonymous_2)","decl":{"start":{"line":14,"column":34},"end":{"line":14,"column":35}},"loc":{"start":{"line":14,"column":48},"end":{"line":22,"column":1}},"line":14},"3":{"name":"(anonymous_3)","decl":{"start":{"line":16,"column":43},"end":{"line":16,"column":44}},"loc":{"start":{"line":16,"column":52},"end":{"line":21,"column":3}},"line":16},"4":{"name":"(anonymous_4)","decl":{"start":{"line":24,"column":30},"end":{"line":24,"column":31}},"loc":{"start":{"line":24,"column":38},"end":{"line":27,"column":3}},"line":24},"5":{"name":"(anonymous_5)","decl":{"start":{"line":24,"column":38},"end":{"line":24,"column":39}},"loc":{"start":{"line":24,"column":50},"end":{"line":27,"column":3}},"line":24},"6":{"name":"(anonymous_6)","decl":{"start":{"line":24,"column":86},"end":{"line":24,"column":87}},"loc":{"start":{"line":24,"column":93},"end":{"line":27,"column":2}},"line":24},"7":{"name":"(anonymous_7)","decl":{"start":{"line":29,"column":27},"end":{"line":29,"column":28}},"loc":{"start":{"line":29,"column":35},"end":{"line":34,"column":2}},"line":29},"8":{"name":"(anonymous_8)","decl":{"start":{"line":29,"column":35},"end":{"line":29,"column":36}},"loc":{"start":{"line":29,"column":47},"end":{"line":34,"column":2}},"line":29},"9":{"name":"(anonymous_9)","decl":{"start":{"line":29,"column":82},"end":{"line":29,"column":83}},"loc":{"start":{"line":29,"column":91},"end":{"line":34,"column":1}},"line":29},"10":{"name":"(anonymous_10)","decl":{"start":{"line":36,"column":30},"end":{"line":36,"column":31}},"loc":{"start":{"line":36,"column":38},"end":{"line":39,"column":3}},"line":36},"11":{"name":"(anonymous_11)","decl":{"start":{"line":36,"column":38},"end":{"line":36,"column":39}},"loc":{"start":{"line":36,"column":50},"end":{"line":39,"column":3}},"line":36},"12":{"name":"(anonymous_12)","decl":{"start":{"line":36,"column":85},"end":{"line":36,"column":86}},"loc":{"start":{"line":36,"column":92},"end":{"line":39,"column":2}},"line":36}},"branchMap":{},"s":{"0":1,"1":1,"2":1,"3":1,"4":1,"5":1,"6":1,"7":1,"8":1,"9":1,"10":1,"11":1,"12":1,"13":1,"14":1,"15":1,"16":1,"17":1,"18":1},"f":{"0":1,"1":1,"2":1,"3":1,"4":1,"5":1,"6":1,"7":1,"8":1,"9":1,"10":1,"11":1,"12":1},"b":{},"_coverageSchema":"332fd63041d2c1bcb487cc26dd0d5f7d97098a6c","hash":"8206bfd3e7b73f3eff055333e8b597c4ac5f8431"}
,"/home/nuwanp/mini-pos/client/src/actions/cartListActions.js": {"path":"/home/nuwanp/mini-pos/client/src/actions/cartListActions.js","statementMap":{"0":{"start":{"line":10,"column":31},"end":{"line":12,"column":2}},"1":{"start":{"line":10,"column":38},"end":{"line":12,"column":1}},"2":{"start":{"line":14,"column":27},"end":{"line":22,"column":1}},"3":{"start":{"line":14,"column":35},"end":{"line":22,"column":1}},"4":{"start":{"line":15,"column":2},"end":{"line":15,"column":30}},"5":{"start":{"line":16,"column":2},"end":{"line":21,"column":5}},"6":{"start":{"line":17,"column":4},"end":{"line":20,"column":7}},"7":{"start":{"line":24,"column":23},"end":{"line":32,"column":1}},"8":{"start":{"line":24,"column":31},"end":{"line":32,"column":1}},"9":{"start":{"line":25,"column":2},"end":{"line":25,"column":30}},"10":{"start":{"line":26,"column":2},"end":{"line":31,"column":5}},"11":{"start":{"line":27,"column":4},"end":{"line":30,"column":7}},"12":{"start":{"line":34,"column":27},"end":{"line":37,"column":3}},"13":{"start":{"line":34,"column":35},"end":{"line":37,"column":3}},"14":{"start":{"line":34,"column":47},"end":{"line":37,"column":3}},"15":{"start":{"line":34,"column":97},"end":{"line":37,"column":2}},"16":{"start":{"line":39,"column":26},"end":{"line":47,"column":1}},"17":{"start":{"line":39,"column":34},"end":{"line":47,"column":1}},"18":{"start":{"line":40,"column":2},"end":{"line":40,"column":30}},"19":{"start":{"line":41,"column":2},"end":{"line":46,"column":5}},"20":{"start":{"line":42,"column":4},"end":{"line":45,"column":7}}},"fnMap":{"0":{"name":"(anonymous_0)","decl":{"start":{"line":10,"column":31},"end":{"line":10,"column":32}},"loc":{"start":{"line":10,"column":38},"end":{"line":12,"column":1}},"line":10},"1":{"name":"(anonymous_1)","decl":{"start":{"line":14,"column":27},"end":{"line":14,"column":28}},"loc":{"start":{"line":14,"column":35},"end":{"line":22,"column":1}},"line":14},"2":{"name":"(anonymous_2)","decl":{"start":{"line":14,"column":35},"end":{"line":14,"column":36}},"loc":{"start":{"line":14,"column":49},"end":{"line":22,"column":1}},"line":14},"3":{"name":"(anonymous_3)","decl":{"start":{"line":16,"column":53},"end":{"line":16,"column":54}},"loc":{"start":{"line":16,"column":62},"end":{"line":21,"column":3}},"line":16},"4":{"name":"(anonymous_4)","decl":{"start":{"line":24,"column":23},"end":{"line":24,"column":24}},"loc":{"start":{"line":24,"column":31},"end":{"line":32,"column":1}},"line":24},"5":{"name":"(anonymous_5)","decl":{"start":{"line":24,"column":31},"end":{"line":24,"column":32}},"loc":{"start":{"line":24,"column":45},"end":{"line":32,"column":1}},"line":24},"6":{"name":"(anonymous_6)","decl":{"start":{"line":26,"column":44},"end":{"line":26,"column":45}},"loc":{"start":{"line":26,"column":53},"end":{"line":31,"column":3}},"line":26},"7":{"name":"(anonymous_7)","decl":{"start":{"line":34,"column":27},"end":{"line":34,"column":28}},"loc":{"start":{"line":34,"column":35},"end":{"line":37,"column":3}},"line":34},"8":{"name":"(anonymous_8)","decl":{"start":{"line":34,"column":35},"end":{"line":34,"column":36}},"loc":{"start":{"line":34,"column":47},"end":{"line":37,"column":3}},"line":34},"9":{"name":"(anonymous_9)","decl":{"start":{"line":34,"column":90},"end":{"line":34,"column":91}},"loc":{"start":{"line":34,"column":97},"end":{"line":37,"column":2}},"line":34},"10":{"name":"(anonymous_10)","decl":{"start":{"line":39,"column":26},"end":{"line":39,"column":27}},"loc":{"start":{"line":39,"column":34},"end":{"line":47,"column":1}},"line":39},"11":{"name":"(anonymous_11)","decl":{"start":{"line":39,"column":34},"end":{"line":39,"column":35}},"loc":{"start":{"line":39,"column":48},"end":{"line":47,"column":1}},"line":39},"12":{"name":"(anonymous_12)","decl":{"start":{"line":41,"column":55},"end":{"line":41,"column":56}},"loc":{"start":{"line":41,"column":64},"end":{"line":46,"column":3}},"line":41}},"branchMap":{},"s":{"0":1,"1":3,"2":1,"3":1,"4":1,"5":1,"6":1,"7":1,"8":1,"9":1,"10":1,"11":1,"12":1,"13":1,"14":1,"15":1,"16":1,"17":1,"18":1,"19":1,"20":1},"f":{"0":3,"1":1,"2":1,"3":1,"4":1,"5":1,"6":1,"7":1,"8":1,"9":1,"10":1,"11":1,"12":1},"b":{},"_coverageSchema":"332fd63041d2c1bcb487cc26dd0d5f7d97098a6c","hash":"2e8148fb90862727f3cc8da74e63d39ec491f0f9"}
,"/home/nuwanp/mini-pos/client/src/actions/itemActions.js": {"path":"/home/nuwanp/mini-pos/client/src/actions/itemActions.js","statementMap":{"0":{"start":{"line":6,"column":31},"end":{"line":8,"column":2}},"1":{"start":{"line":6,"column":38},"end":{"line":8,"column":1}},"2":{"start":{"line":10,"column":24},"end":{"line":16,"column":1}},"3":{"start":{"line":10,"column":30},"end":{"line":16,"column":1}},"4":{"start":{"line":11,"column":2},"end":{"line":11,"column":30}},"5":{"start":{"line":12,"column":2},"end":{"line":15,"column":6}},"6":{"start":{"line":12,"column":45},"end":{"line":15,"column":4}},"7":{"start":{"line":18,"column":26},"end":{"line":23,"column":1}},"8":{"start":{"line":18,"column":32},"end":{"line":23,"column":1}},"9":{"start":{"line":19,"column":2},"end":{"line":22,"column":6}},"10":{"start":{"line":19,"column":53},"end":{"line":22,"column":4}},"11":{"start":{"line":25,"column":23},"end":{"line":30,"column":1}},"12":{"start":{"line":25,"column":31},"end":{"line":30,"column":1}},"13":{"start":{"line":26,"column":2},"end":{"line":29,"column":6}},"14":{"start":{"line":26,"column":52},"end":{"line":29,"column":4}}},"fnMap":{"0":{"name":"(anonymous_0)","decl":{"start":{"line":6,"column":31},"end":{"line":6,"column":32}},"loc":{"start":{"line":6,"column":38},"end":{"line":8,"column":1}},"line":6},"1":{"name":"(anonymous_1)","decl":{"start":{"line":10,"column":24},"end":{"line":10,"column":25}},"loc":{"start":{"line":10,"column":30},"end":{"line":16,"column":1}},"line":10},"2":{"name":"(anonymous_2)","decl":{"start":{"line":10,"column":30},"end":{"line":10,"column":31}},"loc":{"start":{"line":10,"column":44},"end":{"line":16,"column":1}},"line":10},"3":{"name":"(anonymous_3)","decl":{"start":{"line":12,"column":38},"end":{"line":12,"column":39}},"loc":{"start":{"line":12,"column":45},"end":{"line":15,"column":4}},"line":12},"4":{"name":"(anonymous_4)","decl":{"start":{"line":18,"column":26},"end":{"line":18,"column":27}},"loc":{"start":{"line":18,"column":32},"end":{"line":23,"column":1}},"line":18},"5":{"name":"(anonymous_5)","decl":{"start":{"line":18,"column":32},"end":{"line":18,"column":33}},"loc":{"start":{"line":18,"column":46},"end":{"line":23,"column":1}},"line":18},"6":{"name":"(anonymous_6)","decl":{"start":{"line":19,"column":47},"end":{"line":19,"column":48}},"loc":{"start":{"line":19,"column":53},"end":{"line":22,"column":4}},"line":19},"7":{"name":"(anonymous_7)","decl":{"start":{"line":25,"column":23},"end":{"line":25,"column":24}},"loc":{"start":{"line":25,"column":31},"end":{"line":30,"column":1}},"line":25},"8":{"name":"(anonymous_8)","decl":{"start":{"line":25,"column":31},"end":{"line":25,"column":32}},"loc":{"start":{"line":25,"column":45},"end":{"line":30,"column":1}},"line":25},"9":{"name":"(anonymous_9)","decl":{"start":{"line":26,"column":45},"end":{"line":26,"column":46}},"loc":{"start":{"line":26,"column":52},"end":{"line":29,"column":4}},"line":26}},"branchMap":{},"s":{"0":2,"1":1,"2":2,"3":1,"4":1,"5":1,"6":1,"7":2,"8":1,"9":1,"10":1,"11":2,"12":1,"13":1,"14":1},"f":{"0":1,"1":1,"2":1,"3":1,"4":1,"5":1,"6":1,"7":1,"8":1,"9":1},"b":{},"_coverageSchema":"332fd63041d2c1bcb487cc26dd0d5f7d97098a6c","hash":"16377e78c8a406caf53b75cfb62fe93c1975d40d"}
,"/home/nuwanp/mini-pos/client/src/actions/loginAction.js": {"path":"/home/nuwanp/mini-pos/client/src/actions/loginAction.js","statementMap":{"0":{"start":{"line":4,"column":25},"end":{"line":17,"column":3}},"1":{"start":{"line":4,"column":33},"end":{"line":17,"column":3}},"2":{"start":{"line":4,"column":45},"end":{"line":17,"column":3}},"3":{"start":{"line":5,"column":2},"end":{"line":16,"column":7}},"4":{"start":{"line":8,"column":6},"end":{"line":11,"column":9}},"5":{"start":{"line":12,"column":6},"end":{"line":12,"column":16}},"6":{"start":{"line":15,"column":6},"end":{"line":15,"column":15}},"7":{"start":{"line":19,"column":25},"end":{"line":34,"column":1}},"8":{"start":{"line":19,"column":31},"end":{"line":34,"column":1}},"9":{"start":{"line":20,"column":2},"end":{"line":33,"column":7}},"10":{"start":{"line":23,"column":6},"end":{"line":26,"column":9}},"11":{"start":{"line":29,"column":6},"end":{"line":32,"column":9}}},"fnMap":{"0":{"name":"(anonymous_0)","decl":{"start":{"line":4,"column":25},"end":{"line":4,"column":26}},"loc":{"start":{"line":4,"column":33},"end":{"line":17,"column":3}},"line":4},"1":{"name":"(anonymous_1)","decl":{"start":{"line":4,"column":33},"end":{"line":4,"column":34}},"loc":{"start":{"line":4,"column":45},"end":{"line":17,"column":3}},"line":4},"2":{"name":"(anonymous_2)","decl":{"start":{"line":4,"column":58},"end":{"line":4,"column":59}},"loc":{"start":{"line":4,"column":79},"end":{"line":17,"column":1}},"line":4},"3":{"name":"(anonymous_3)","decl":{"start":{"line":7,"column":10},"end":{"line":7,"column":11}},"loc":{"start":{"line":7,"column":19},"end":{"line":13,"column":5}},"line":7},"4":{"name":"(anonymous_4)","decl":{"start":{"line":14,"column":11},"end":{"line":14,"column":12}},"loc":{"start":{"line":14,"column":17},"end":{"line":16,"column":5}},"line":14},"5":{"name":"(anonymous_5)","decl":{"start":{"line":19,"column":25},"end":{"line":19,"column":26}},"loc":{"start":{"line":19,"column":31},"end":{"line":34,"column":1}},"line":19},"6":{"name":"(anonymous_6)","decl":{"start":{"line":19,"column":31},"end":{"line":19,"column":32}},"loc":{"start":{"line":19,"column":45},"end":{"line":34,"column":1}},"line":19},"7":{"name":"(anonymous_7)","decl":{"start":{"line":22,"column":10},"end":{"line":22,"column":11}},"loc":{"start":{"line":22,"column":19},"end":{"line":27,"column":5}},"line":22},"8":{"name":"(anonymous_8)","decl":{"start":{"line":28,"column":11},"end":{"line":28,"column":12}},"loc":{"start":{"line":28,"column":17},"end":{"line":33,"column":5}},"line":28}},"branchMap":{},"s":{"0":2,"1":2,"2":2,"3":2,"4":1,"5":1,"6":0,"7":2,"8":2,"9":2,"10":1,"11":1},"f":{"0":2,"1":2,"2":2,"3":1,"4":0,"5":2,"6":2,"7":1,"8":1},"b":{},"_coverageSchema":"332fd63041d2c1bcb487cc26dd0d5f7d97098a6c","hash":"a8ea428851b336b46769070e1df5a8bf80fe8fa0"}
,"/home/nuwanp/mini-pos/client/src/actions/types.js": {"path":"/home/nuwanp/mini-pos/client/src/actions/types.js","statementMap":{"0":{"start":{"line":1,"column":25},"end":{"line":1,"column":36}},"1":{"start":{"line":2,"column":24},"end":{"line":2,"column":34}},"2":{"start":{"line":3,"column":27},"end":{"line":3,"column":40}},"3":{"start":{"line":4,"column":29},"end":{"line":4,"column":44}},"4":{"start":{"line":6,"column":24},"end":{"line":6,"column":34}},"5":{"start":{"line":7,"column":32},"end":{"line":7,"column":50}},"6":{"start":{"line":8,"column":34},"end":{"line":8,"column":54}},"7":{"start":{"line":9,"column":29},"end":{"line":9,"column":44}},"8":{"start":{"line":10,"column":32},"end":{"line":10,"column":50}},"9":{"start":{"line":12,"column":21},"end":{"line":12,"column":28}},"10":{"start":{"line":13,"column":21},"end":{"line":13,"column":28}},"11":{"start":{"line":15,"column":29},"end":{"line":15,"column":44}},"12":{"start":{"line":16,"column":33},"end":{"line":16,"column":52}},"13":{"start":{"line":17,"column":24},"end":{"line":17,"column":34}},"14":{"start":{"line":18,"column":27},"end":{"line":18,"column":40}},"15":{"start":{"line":19,"column":28},"end":{"line":19,"column":42}}},"fnMap":{},"branchMap":{},"s":{"0":10,"1":10,"2":10,"3":10,"4":10,"5":10,"6":10,"7":10,"8":10,"9":10,"10":10,"11":10,"12":10,"13":10,"14":10,"15":10},"f":{},"b":{},"_coverageSchema":"332fd63041d2c1bcb487cc26dd0d5f7d97098a6c","hash":"f3e0cb3b508808929c3bbfdb7596ba8fafcdccbe"}
,"/home/nuwanp/mini-pos/client/src/reducers/cartListReducer.js": {"path":"/home/nuwanp/mini-pos/client/src/reducers/cartListReducer.js","statementMap":{"0":{"start":{"line":9,"column":21},"end":{"line":13,"column":1}},"1":{"start":{"line":16,"column":2},"end":{"line":64,"column":3}},"2":{"start":{"line":18,"column":6},"end":{"line":23,"column":8}},"3":{"start":{"line":25,"column":18},"end":{"line":25,"column":51}},"4":{"start":{"line":25,"column":42},"end":{"line":25,"column":50}},"5":{"start":{"line":26,"column":6},"end":{"line":36,"column":8}},"6":{"start":{"line":31,"column":50},"end":{"line":31,"column":66}},"7":{"start":{"line":39,"column":6},"end":{"line":45,"column":8}},"8":{"start":{"line":42,"column":17},"end":{"line":42,"column":55}},"9":{"start":{"line":47,"column":20},"end":{"line":49,"column":7}},"10":{"start":{"line":48,"column":16},"end":{"line":48,"column":54}},"11":{"start":{"line":51,"column":6},"end":{"line":56,"column":8}},"12":{"start":{"line":53,"column":45},"end":{"line":55,"column":16}},"13":{"start":{"line":58,"column":6},"end":{"line":61,"column":8}},"14":{"start":{"line":63,"column":6},"end":{"line":63,"column":19}}},"fnMap":{"0":{"name":"(anonymous_0)","decl":{"start":{"line":15,"column":15},"end":{"line":15,"column":16}},"loc":{"start":{"line":15,"column":55},"end":{"line":65,"column":1}},"line":15},"1":{"name":"(anonymous_1)","decl":{"start":{"line":25,"column":34},"end":{"line":25,"column":35}},"loc":{"start":{"line":25,"column":42},"end":{"line":25,"column":50}},"line":25},"2":{"name":"(anonymous_2)","decl":{"start":{"line":31,"column":45},"end":{"line":31,"column":46}},"loc":{"start":{"line":31,"column":50},"end":{"line":31,"column":66}},"line":31},"3":{"name":"(anonymous_3)","decl":{"start":{"line":42,"column":10},"end":{"line":42,"column":11}},"loc":{"start":{"line":42,"column":17},"end":{"line":42,"column":55}},"line":42},"4":{"name":"(anonymous_4)","decl":{"start":{"line":48,"column":8},"end":{"line":48,"column":9}},"loc":{"start":{"line":48,"column":16},"end":{"line":48,"column":54}},"line":48},"5":{"name":"(anonymous_5)","decl":{"start":{"line":53,"column":31},"end":{"line":53,"column":32}},"loc":{"start":{"line":53,"column":45},"end":{"line":55,"column":16}},"line":53}},"branchMap":{"0":{"loc":{"start":{"line":15,"column":25},"end":{"line":15,"column":45}},"type":"default-arg","locations":[{"start":{"line":15,"column":33},"end":{"line":15,"column":45}}],"line":15},"1":{"loc":{"start":{"line":16,"column":2},"end":{"line":64,"column":3}},"type":"switch","locations":[{"start":{"line":17,"column":4},"end":{"line":23,"column":8}},{"start":{"line":24,"column":4},"end":{"line":36,"column":8}},{"start":{"line":37,"column":4},"end":{"line":45,"column":8}},{"start":{"line":46,"column":4},"end":{"line":56,"column":8}},{"start":{"line":57,"column":4},"end":{"line":61,"column":8}},{"start":{"line":62,"column":4},"end":{"line":63,"column":19}}],"line":16},"2":{"loc":{"start":{"line":53,"column":45},"end":{"line":55,"column":16}},"type":"cond-expr","locations":[{"start":{"line":54,"column":12},"end":{"line":54,"column":67}},{"start":{"line":55,"column":12},"end":{"line":55,"column":16}}],"line":53}},"s":{"0":1,"1":6,"2":2,"3":0,"4":0,"5":0,"6":0,"7":1,"8":3,"9":1,"10":3,"11":1,"12":3,"13":1,"14":1},"f":{"0":6,"1":0,"2":0,"3":3,"4":3,"5":3},"b":{"0":[1],"1":[2,0,1,1,1,1],"2":[1,2]},"_coverageSchema":"332fd63041d2c1bcb487cc26dd0d5f7d97098a6c","hash":"7953069c0571753d4c1fcfaf1bdf9ce2d468259a"}
,"/home/nuwanp/mini-pos/client/src/reducers/cartReducer.js": {"path":"/home/nuwanp/mini-pos/client/src/reducers/cartReducer.js","statementMap":{"0":{"start":{"line":9,"column":21},"end":{"line":14,"column":1}},"1":{"start":{"line":17,"column":2},"end":{"line":90,"column":3}},"2":{"start":{"line":19,"column":16},"end":{"line":19,"column":17}},"3":{"start":{"line":20,"column":6},"end":{"line":23,"column":9}},"4":{"start":{"line":21,"column":8},"end":{"line":22,"column":16}},"5":{"start":{"line":25,"column":6},"end":{"line":31,"column":8}},"6":{"start":{"line":33,"column":17},"end":{"line":33,"column":18}},"7":{"start":{"line":34,"column":21},"end":{"line":36,"column":7}},"8":{"start":{"line":35,"column":15},"end":{"line":35,"column":56}},"9":{"start":{"line":37,"column":6},"end":{"line":40,"column":9}},"10":{"start":{"line":38,"column":8},"end":{"line":39,"column":17}},"11":{"start":{"line":41,"column":6},"end":{"line":45,"column":8}},"12":{"start":{"line":47,"column":6},"end":{"line":67,"column":8}},"13":{"start":{"line":69,"column":17},"end":{"line":69,"column":18}},"14":{"start":{"line":70,"column":6},"end":{"line":74,"column":9}},"15":{"start":{"line":71,"column":8},"end":{"line":73,"column":9}},"16":{"start":{"line":72,"column":10},"end":{"line":72,"column":50}},"17":{"start":{"line":75,"column":6},"end":{"line":78,"column":9}},"18":{"start":{"line":76,"column":8},"end":{"line":77,"column":17}},"19":{"start":{"line":79,"column":6},"end":{"line":82,"column":8}},"20":{"start":{"line":84,"column":6},"end":{"line":87,"column":8}},"21":{"start":{"line":89,"column":6},"end":{"line":89,"column":19}}},"fnMap":{"0":{"name":"(anonymous_0)","decl":{"start":{"line":16,"column":15},"end":{"line":16,"column":16}},"loc":{"start":{"line":16,"column":55},"end":{"line":91,"column":1}},"line":16},"1":{"name":"(anonymous_1)","decl":{"start":{"line":20,"column":31},"end":{"line":20,"column":32}},"loc":{"start":{"line":20,"column":38},"end":{"line":23,"column":7}},"line":20},"2":{"name":"(anonymous_2)","decl":{"start":{"line":35,"column":8},"end":{"line":35,"column":9}},"loc":{"start":{"line":35,"column":15},"end":{"line":35,"column":56}},"line":35},"3":{"name":"(anonymous_3)","decl":{"start":{"line":37,"column":19},"end":{"line":37,"column":20}},"loc":{"start":{"line":37,"column":26},"end":{"line":40,"column":7}},"line":37},"4":{"name":"(anonymous_4)","decl":{"start":{"line":70,"column":26},"end":{"line":70,"column":27}},"loc":{"start":{"line":70,"column":35},"end":{"line":74,"column":7}},"line":70},"5":{"name":"(anonymous_5)","decl":{"start":{"line":75,"column":26},"end":{"line":75,"column":27}},"loc":{"start":{"line":75,"column":33},"end":{"line":78,"column":7}},"line":75}},"branchMap":{"0":{"loc":{"start":{"line":16,"column":25},"end":{"line":16,"column":45}},"type":"default-arg","locations":[{"start":{"line":16,"column":33},"end":{"line":16,"column":45}}],"line":16},"1":{"loc":{"start":{"line":17,"column":2},"end":{"line":90,"column":3}},"type":"switch","locations":[{"start":{"line":18,"column":4},"end":{"line":31,"column":8}},{"start":{"line":32,"column":4},"end":{"line":45,"column":8}},{"start":{"line":46,"column":4},"end":{"line":67,"column":8}},{"start":{"line":68,"column":4},"end":{"line":82,"column":8}},{"start":{"line":83,"column":4},"end":{"line":87,"column":8}},{"start":{"line":88,"column":4},"end":{"line":89,"column":19}}],"line":17},"2":{"loc":{"start":{"line":71,"column":8},"end":{"line":73,"column":9}},"type":"if","locations":[{"start":{"line":71,"column":8},"end":{"line":73,"column":9}},{"start":{"line":71,"column":8},"end":{"line":73,"column":9}}],"line":71}},"s":{"0":1,"1":7,"2":2,"3":2,"4":4,"5":2,"6":1,"7":1,"8":2,"9":1,"10":1,"11":1,"12":1,"13":1,"14":1,"15":2,"16":1,"17":1,"18":2,"19":1,"20":1,"21":1},"f":{"0":7,"1":4,"2":2,"3":1,"4":2,"5":2},"b":{"0":[1],"1":[2,1,1,1,1,1],"2":[1,1]},"_coverageSchema":"332fd63041d2c1bcb487cc26dd0d5f7d97098a6c","hash":"083a91ca933efff6898a971c46fe7f1e3250a57a"}
,"/home/nuwanp/mini-pos/client/src/reducers/itemReducer.js": {"path":"/home/nuwanp/mini-pos/client/src/reducers/itemReducer.js","statementMap":{"0":{"start":{"line":8,"column":21},"end":{"line":11,"column":1}},"1":{"start":{"line":14,"column":2},"end":{"line":38,"column":3}},"2":{"start":{"line":16,"column":6},"end":{"line":20,"column":8}},"3":{"start":{"line":22,"column":6},"end":{"line":25,"column":8}},"4":{"start":{"line":24,"column":42},"end":{"line":24,"column":69}},"5":{"start":{"line":27,"column":6},"end":{"line":30,"column":8}},"6":{"start":{"line":32,"column":6},"end":{"line":35,"column":8}},"7":{"start":{"line":37,"column":6},"end":{"line":37,"column":19}}},"fnMap":{"0":{"name":"(anonymous_0)","decl":{"start":{"line":13,"column":15},"end":{"line":13,"column":16}},"loc":{"start":{"line":13,"column":55},"end":{"line":39,"column":1}},"line":13},"1":{"name":"(anonymous_1)","decl":{"start":{"line":24,"column":34},"end":{"line":24,"column":35}},"loc":{"start":{"line":24,"column":42},"end":{"line":24,"column":69}},"line":24}},"branchMap":{"0":{"loc":{"start":{"line":13,"column":25},"end":{"line":13,"column":45}},"type":"default-arg","locations":[{"start":{"line":13,"column":33},"end":{"line":13,"column":45}}],"line":13},"1":{"loc":{"start":{"line":14,"column":2},"end":{"line":38,"column":3}},"type":"switch","locations":[{"start":{"line":15,"column":4},"end":{"line":20,"column":8}},{"start":{"line":21,"column":4},"end":{"line":25,"column":8}},{"start":{"line":26,"column":4},"end":{"line":30,"column":8}},{"start":{"line":31,"column":4},"end":{"line":35,"column":8}},{"start":{"line":36,"column":4},"end":{"line":37,"column":19}}],"line":14}},"s":{"0":1,"1":6,"2":2,"3":1,"4":2,"5":1,"6":1,"7":1},"f":{"0":6,"1":2},"b":{"0":[1],"1":[2,1,1,1,1]},"_coverageSchema":"332fd63041d2c1bcb487cc26dd0d5f7d97098a6c","hash":"afaf90e3dab0b847737b6409d50689accb380a18"}
,"/home/nuwanp/mini-pos/client/src/reducers/loginReducer.js": {"path":"/home/nuwanp/mini-pos/client/src/reducers/loginReducer.js","statementMap":{"0":{"start":{"line":4,"column":21},"end":{"line":7,"column":1}},"1":{"start":{"line":10,"column":2},"end":{"line":24,"column":3}},"2":{"start":{"line":12,"column":6},"end":{"line":16,"column":8}},"3":{"start":{"line":18,"column":6},"end":{"line":21,"column":8}},"4":{"start":{"line":23,"column":6},"end":{"line":23,"column":19}}},"fnMap":{"0":{"name":"(anonymous_0)","decl":{"start":{"line":9,"column":15},"end":{"line":9,"column":16}},"loc":{"start":{"line":9,"column":55},"end":{"line":25,"column":1}},"line":9}},"branchMap":{"0":{"loc":{"start":{"line":9,"column":25},"end":{"line":9,"column":45}},"type":"default-arg","locations":[{"start":{"line":9,"column":33},"end":{"line":9,"column":45}}],"line":9},"1":{"loc":{"start":{"line":10,"column":2},"end":{"line":24,"column":3}},"type":"switch","locations":[{"start":{"line":11,"column":4},"end":{"line":16,"column":8}},{"start":{"line":17,"column":4},"end":{"line":21,"column":8}},{"start":{"line":22,"column":4},"end":{"line":23,"column":19}}],"line":10}},"s":{"0":1,"1":5,"2":2,"3":2,"4":1},"f":{"0":5},"b":{"0":[1],"1":[2,2,1]},"_coverageSchema":"332fd63041d2c1bcb487cc26dd0d5f7d97098a6c","hash":"2bbfbe59d1023fb11703a43b04cf62b6949e7ced"}
}
