{"/home/nuwanp/mini-pos/client/src/actions/cartActions.js": {"path":"/home/nuwanp/mini-pos/client/src/actions/cartActions.js","statementMap":{"0":{"start":{"line":10,"column":35},"end":{"line":12,"column":2}},"1":{"start":{"line":10,"column":42},"end":{"line":12,"column":1}},"2":{"start":{"line":14,"column":28},"end":{"line":22,"column":1}},"3":{"start":{"line":14,"column":34},"end":{"line":22,"column":1}},"4":{"start":{"line":15,"column":2},"end":{"line":15,"column":34}},"5":{"start":{"line":16,"column":2},"end":{"line":21,"column":5}},"6":{"start":{"line":17,"column":4},"end":{"line":20,"column":7}},"7":{"start":{"line":24,"column":30},"end":{"line":30,"column":3}},"8":{"start":{"line":24,"column":38},"end":{"line":30,"column":3}},"9":{"start":{"line":25,"column":2},"end":{"line":30,"column":3}},"10":{"start":{"line":26,"column":4},"end":{"line":29,"column":6}},"11":{"start":{"line":32,"column":27},"end":{"line":38,"column":4}},"12":{"start":{"line":32,"column":35},"end":{"line":38,"column":4}},"13":{"start":{"line":33,"column":2},"end":{"line":38,"column":4}},"14":{"start":{"line":34,"column":4},"end":{"line":37,"column":7}},"15":{"start":{"line":40,"column":30},"end":{"line":46,"column":3}},"16":{"start":{"line":40,"column":38},"end":{"line":46,"column":3}},"17":{"start":{"line":41,"column":2},"end":{"line":46,"column":3}},"18":{"start":{"line":42,"column":4},"end":{"line":45,"column":6}}},"fnMap":{"0":{"name":"(anonymous_0)","decl":{"start":{"line":10,"column":35},"end":{"line":10,"column":36}},"loc":{"start":{"line":10,"column":42},"end":{"line":12,"column":1}},"line":10},"1":{"name":"(anonymous_1)","decl":{"start":{"line":14,"column":28},"end":{"line":14,"column":29}},"loc":{"start":{"line":14,"column":34},"end":{"line":22,"column":1}},"line":14},"2":{"name":"(anonymous_2)","decl":{"start":{"line":14,"column":34},"end":{"line":14,"column":35}},"loc":{"start":{"line":14,"column":46},"end":{"line":22,"column":1}},"line":14},"3":{"name":"(anonymous_3)","decl":{"start":{"line":16,"column":43},"end":{"line":16,"column":44}},"loc":{"start":{"line":16,"column":50},"end":{"line":21,"column":3}},"line":16},"4":{"name":"(anonymous_4)","decl":{"start":{"line":24,"column":30},"end":{"line":24,"column":31}},"loc":{"start":{"line":24,"column":38},"end":{"line":30,"column":3}},"line":24},"5":{"name":"(anonymous_5)","decl":{"start":{"line":24,"column":38},"end":{"line":24,"column":39}},"loc":{"start":{"line":25,"column":2},"end":{"line":30,"column":3}},"line":25},"6":{"name":"(anonymous_6)","decl":{"start":{"line":25,"column":38},"end":{"line":25,"column":39}},"loc":{"start":{"line":26,"column":4},"end":{"line":29,"column":6}},"line":26},"7":{"name":"(anonymous_7)","decl":{"start":{"line":32,"column":27},"end":{"line":32,"column":28}},"loc":{"start":{"line":32,"column":35},"end":{"line":38,"column":4}},"line":32},"8":{"name":"(anonymous_8)","decl":{"start":{"line":32,"column":35},"end":{"line":32,"column":36}},"loc":{"start":{"line":33,"column":2},"end":{"line":38,"column":4}},"line":33},"9":{"name":"(anonymous_9)","decl":{"start":{"line":33,"column":37},"end":{"line":33,"column":38}},"loc":{"start":{"line":33,"column":44},"end":{"line":38,"column":3}},"line":33},"10":{"name":"(anonymous_10)","decl":{"start":{"line":40,"column":30},"end":{"line":40,"column":31}},"loc":{"start":{"line":40,"column":38},"end":{"line":46,"column":3}},"line":40},"11":{"name":"(anonymous_11)","decl":{"start":{"line":40,"column":38},"end":{"line":40,"column":39}},"loc":{"start":{"line":41,"column":2},"end":{"line":46,"column":3}},"line":41},"12":{"name":"(anonymous_12)","decl":{"start":{"line":41,"column":37},"end":{"line":41,"column":38}},"loc":{"start":{"line":42,"column":4},"end":{"line":45,"column":6}},"line":42}},"branchMap":{},"s":{"0":1,"1":1,"2":1,"3":1,"4":1,"5":1,"6":1,"7":1,"8":1,"9":1,"10":1,"11":1,"12":1,"13":1,"14":1,"15":1,"16":1,"17":1,"18":1},"f":{"0":1,"1":1,"2":1,"3":1,"4":1,"5":1,"6":1,"7":1,"8":1,"9":1,"10":1,"11":1,"12":1},"b":{},"_coverageSchema":"332fd63041d2c1bcb487cc26dd0d5f7d97098a6c","hash":"7e8db4334bb182fb0eeed90dcf1e1ec75bf232e1"}
,"/home/nuwanp/mini-pos/client/src/actions/cartListActions.js": {"path":"/home/nuwanp/mini-pos/client/src/actions/cartListActions.js","statementMap":{"0":{"start":{"line":10,"column":31},"end":{"line":12,"column":2}},"1":{"start":{"line":10,"column":38},"end":{"line":12,"column":1}},"2":{"start":{"line":14,"column":27},"end":{"line":22,"column":1}},"3":{"start":{"line":14,"column":35},"end":{"line":22,"column":1}},"4":{"start":{"line":15,"column":2},"end":{"line":15,"column":30}},"5":{"start":{"line":16,"column":2},"end":{"line":21,"column":5}},"6":{"start":{"line":17,"column":4},"end":{"line":20,"column":7}},"7":{"start":{"line":24,"column":23},"end":{"line":32,"column":1}},"8":{"start":{"line":24,"column":31},"end":{"line":32,"column":1}},"9":{"start":{"line":25,"column":2},"end":{"line":25,"column":30}},"10":{"start":{"line":26,"column":2},"end":{"line":31,"column":5}},"11":{"start":{"line":27,"column":4},"end":{"line":30,"column":7}},"12":{"start":{"line":34,"column":27},"end":{"line":40,"column":3}},"13":{"start":{"line":34,"column":35},"end":{"line":40,"column":3}},"14":{"start":{"line":35,"column":2},"end":{"line":40,"column":3}},"15":{"start":{"line":36,"column":4},"end":{"line":39,"column":6}},"16":{"start":{"line":42,"column":26},"end":{"line":50,"column":1}},"17":{"start":{"line":42,"column":34},"end":{"line":50,"column":1}},"18":{"start":{"line":43,"column":2},"end":{"line":43,"column":30}},"19":{"start":{"line":44,"column":2},"end":{"line":49,"column":5}},"20":{"start":{"line":45,"column":4},"end":{"line":48,"column":7}}},"fnMap":{"0":{"name":"(anonymous_0)","decl":{"start":{"line":10,"column":31},"end":{"line":10,"column":32}},"loc":{"start":{"line":10,"column":38},"end":{"line":12,"column":1}},"line":10},"1":{"name":"(anonymous_1)","decl":{"start":{"line":14,"column":27},"end":{"line":14,"column":28}},"loc":{"start":{"line":14,"column":35},"end":{"line":22,"column":1}},"line":14},"2":{"name":"(anonymous_2)","decl":{"start":{"line":14,"column":35},"end":{"line":14,"column":36}},"loc":{"start":{"line":14,"column":47},"end":{"line":22,"column":1}},"line":14},"3":{"name":"(anonymous_3)","decl":{"start":{"line":16,"column":53},"end":{"line":16,"column":54}},"loc":{"start":{"line":16,"column":60},"end":{"line":21,"column":3}},"line":16},"4":{"name":"(anonymous_4)","decl":{"start":{"line":24,"column":23},"end":{"line":24,"column":24}},"loc":{"start":{"line":24,"column":31},"end":{"line":32,"column":1}},"line":24},"5":{"name":"(anonymous_5)","decl":{"start":{"line":24,"column":31},"end":{"line":24,"column":32}},"loc":{"start":{"line":24,"column":43},"end":{"line":32,"column":1}},"line":24},"6":{"name":"(anonymous_6)","decl":{"start":{"line":26,"column":44},"end":{"line":26,"column":45}},"loc":{"start":{"line":26,"column":51},"end":{"line":31,"column":3}},"line":26},"7":{"name":"(anonymous_7)","decl":{"start":{"line":34,"column":27},"end":{"line":34,"column":28}},"loc":{"start":{"line":34,"column":35},"end":{"line":40,"column":3}},"line":34},"8":{"name":"(anonymous_8)","decl":{"start":{"line":34,"column":35},"end":{"line":34,"column":36}},"loc":{"start":{"line":35,"column":2},"end":{"line":40,"column":3}},"line":35},"9":{"name":"(anonymous_9)","decl":{"start":{"line":35,"column":45},"end":{"line":35,"column":46}},"loc":{"start":{"line":36,"column":4},"end":{"line":39,"column":6}},"line":36},"10":{"name":"(anonymous_10)","decl":{"start":{"line":42,"column":26},"end":{"line":42,"column":27}},"loc":{"start":{"line":42,"column":34},"end":{"line":50,"column":1}},"line":42},"11":{"name":"(anonymous_11)","decl":{"start":{"line":42,"column":34},"end":{"line":42,"column":35}},"loc":{"start":{"line":42,"column":46},"end":{"line":50,"column":1}},"line":42},"12":{"name":"(anonymous_12)","decl":{"start":{"line":44,"column":55},"end":{"line":44,"column":56}},"loc":{"start":{"line":44,"column":62},"end":{"line":49,"column":3}},"line":44}},"branchMap":{},"s":{"0":1,"1":3,"2":1,"3":1,"4":1,"5":1,"6":1,"7":1,"8":1,"9":1,"10":1,"11":1,"12":1,"13":1,"14":1,"15":1,"16":1,"17":1,"18":1,"19":1,"20":1},"f":{"0":3,"1":1,"2":1,"3":1,"4":1,"5":1,"6":1,"7":1,"8":1,"9":1,"10":1,"11":1,"12":1},"b":{},"_coverageSchema":"332fd63041d2c1bcb487cc26dd0d5f7d97098a6c","hash":"379eab78191d267180674232aa17b30420d73508"}
,"/home/nuwanp/mini-pos/client/src/actions/itemActions.js": {"path":"/home/nuwanp/mini-pos/client/src/actions/itemActions.js","statementMap":{"0":{"start":{"line":4,"column":31},"end":{"line":6,"column":2}},"1":{"start":{"line":4,"column":38},"end":{"line":6,"column":1}},"2":{"start":{"line":8,"column":24},"end":{"line":16,"column":1}},"3":{"start":{"line":8,"column":30},"end":{"line":16,"column":1}},"4":{"start":{"line":9,"column":2},"end":{"line":9,"column":30}},"5":{"start":{"line":10,"column":2},"end":{"line":15,"column":4}},"6":{"start":{"line":11,"column":4},"end":{"line":14,"column":6}},"7":{"start":{"line":18,"column":26},"end":{"line":25,"column":1}},"8":{"start":{"line":18,"column":32},"end":{"line":25,"column":1}},"9":{"start":{"line":19,"column":2},"end":{"line":24,"column":4}},"10":{"start":{"line":20,"column":4},"end":{"line":23,"column":6}},"11":{"start":{"line":27,"column":23},"end":{"line":34,"column":1}},"12":{"start":{"line":27,"column":31},"end":{"line":34,"column":1}},"13":{"start":{"line":28,"column":2},"end":{"line":33,"column":4}},"14":{"start":{"line":29,"column":4},"end":{"line":32,"column":6}}},"fnMap":{"0":{"name":"(anonymous_0)","decl":{"start":{"line":4,"column":31},"end":{"line":4,"column":32}},"loc":{"start":{"line":4,"column":38},"end":{"line":6,"column":1}},"line":4},"1":{"name":"(anonymous_1)","decl":{"start":{"line":8,"column":24},"end":{"line":8,"column":25}},"loc":{"start":{"line":8,"column":30},"end":{"line":16,"column":1}},"line":8},"2":{"name":"(anonymous_2)","decl":{"start":{"line":8,"column":30},"end":{"line":8,"column":31}},"loc":{"start":{"line":8,"column":42},"end":{"line":16,"column":1}},"line":8},"3":{"name":"(anonymous_3)","decl":{"start":{"line":10,"column":38},"end":{"line":10,"column":39}},"loc":{"start":{"line":11,"column":4},"end":{"line":14,"column":6}},"line":11},"4":{"name":"(anonymous_4)","decl":{"start":{"line":18,"column":26},"end":{"line":18,"column":27}},"loc":{"start":{"line":18,"column":32},"end":{"line":25,"column":1}},"line":18},"5":{"name":"(anonymous_5)","decl":{"start":{"line":18,"column":32},"end":{"line":18,"column":33}},"loc":{"start":{"line":18,"column":44},"end":{"line":25,"column":1}},"line":18},"6":{"name":"(anonymous_6)","decl":{"start":{"line":19,"column":47},"end":{"line":19,"column":48}},"loc":{"start":{"line":20,"column":4},"end":{"line":23,"column":6}},"line":20},"7":{"name":"(anonymous_7)","decl":{"start":{"line":27,"column":23},"end":{"line":27,"column":24}},"loc":{"start":{"line":27,"column":31},"end":{"line":34,"column":1}},"line":27},"8":{"name":"(anonymous_8)","decl":{"start":{"line":27,"column":31},"end":{"line":27,"column":32}},"loc":{"start":{"line":27,"column":43},"end":{"line":34,"column":1}},"line":27},"9":{"name":"(anonymous_9)","decl":{"start":{"line":28,"column":45},"end":{"line":28,"column":46}},"loc":{"start":{"line":29,"column":4},"end":{"line":32,"column":6}},"line":29}},"branchMap":{},"s":{"0":2,"1":1,"2":2,"3":1,"4":1,"5":1,"6":1,"7":2,"8":1,"9":1,"10":1,"11":2,"12":1,"13":1,"14":1},"f":{"0":1,"1":1,"2":1,"3":1,"4":1,"5":1,"6":1,"7":1,"8":1,"9":1},"b":{},"_coverageSchema":"332fd63041d2c1bcb487cc26dd0d5f7d97098a6c","hash":"60d6bd2733d357e531d149db91c2f7b3713f6a37"}
,"/home/nuwanp/mini-pos/client/src/actions/loginAction.js": {"path":"/home/nuwanp/mini-pos/client/src/actions/loginAction.js","statementMap":{"0":{"start":{"line":4,"column":25},"end":{"line":18,"column":4}},"1":{"start":{"line":4,"column":33},"end":{"line":18,"column":4}},"2":{"start":{"line":5,"column":2},"end":{"line":18,"column":4}},"3":{"start":{"line":6,"column":4},"end":{"line":17,"column":9}},"4":{"start":{"line":9,"column":8},"end":{"line":12,"column":11}},"5":{"start":{"line":13,"column":8},"end":{"line":13,"column":18}},"6":{"start":{"line":16,"column":8},"end":{"line":16,"column":17}},"7":{"start":{"line":20,"column":25},"end":{"line":35,"column":1}},"8":{"start":{"line":20,"column":31},"end":{"line":35,"column":1}},"9":{"start":{"line":21,"column":2},"end":{"line":34,"column":7}},"10":{"start":{"line":24,"column":6},"end":{"line":27,"column":9}},"11":{"start":{"line":30,"column":6},"end":{"line":33,"column":9}}},"fnMap":{"0":{"name":"(anonymous_0)","decl":{"start":{"line":4,"column":25},"end":{"line":4,"column":26}},"loc":{"start":{"line":4,"column":33},"end":{"line":18,"column":4}},"line":4},"1":{"name":"(anonymous_1)","decl":{"start":{"line":4,"column":33},"end":{"line":4,"column":34}},"loc":{"start":{"line":5,"column":2},"end":{"line":18,"column":4}},"line":5},"2":{"name":"(anonymous_2)","decl":{"start":{"line":5,"column":14},"end":{"line":5,"column":15}},"loc":{"start":{"line":5,"column":35},"end":{"line":18,"column":3}},"line":5},"3":{"name":"(anonymous_3)","decl":{"start":{"line":8,"column":12},"end":{"line":8,"column":13}},"loc":{"start":{"line":8,"column":19},"end":{"line":14,"column":7}},"line":8},"4":{"name":"(anonymous_4)","decl":{"start":{"line":15,"column":13},"end":{"line":15,"column":14}},"loc":{"start":{"line":15,"column":19},"end":{"line":17,"column":7}},"line":15},"5":{"name":"(anonymous_5)","decl":{"start":{"line":20,"column":25},"end":{"line":20,"column":26}},"loc":{"start":{"line":20,"column":31},"end":{"line":35,"column":1}},"line":20},"6":{"name":"(anonymous_6)","decl":{"start":{"line":20,"column":31},"end":{"line":20,"column":32}},"loc":{"start":{"line":20,"column":43},"end":{"line":35,"column":1}},"line":20},"7":{"name":"(anonymous_7)","decl":{"start":{"line":23,"column":10},"end":{"line":23,"column":11}},"loc":{"start":{"line":23,"column":17},"end":{"line":28,"column":5}},"line":23},"8":{"name":"(anonymous_8)","decl":{"start":{"line":29,"column":11},"end":{"line":29,"column":12}},"loc":{"start":{"line":29,"column":17},"end":{"line":34,"column":5}},"line":29}},"branchMap":{},"s":{"0":2,"1":2,"2":2,"3":2,"4":1,"5":1,"6":0,"7":2,"8":2,"9":2,"10":1,"11":1},"f":{"0":2,"1":2,"2":2,"3":1,"4":0,"5":2,"6":2,"7":1,"8":1},"b":{},"_coverageSchema":"332fd63041d2c1bcb487cc26dd0d5f7d97098a6c","hash":"9ba344abd3b76db092a3d2114def6d4f012f0ea4"}
,"/home/nuwanp/mini-pos/client/src/actions/types.js": {"path":"/home/nuwanp/mini-pos/client/src/actions/types.js","statementMap":{"0":{"start":{"line":1,"column":25},"end":{"line":1,"column":36}},"1":{"start":{"line":2,"column":24},"end":{"line":2,"column":34}},"2":{"start":{"line":3,"column":27},"end":{"line":3,"column":40}},"3":{"start":{"line":4,"column":29},"end":{"line":4,"column":44}},"4":{"start":{"line":6,"column":24},"end":{"line":6,"column":34}},"5":{"start":{"line":7,"column":32},"end":{"line":7,"column":50}},"6":{"start":{"line":8,"column":34},"end":{"line":8,"column":54}},"7":{"start":{"line":9,"column":29},"end":{"line":9,"column":44}},"8":{"start":{"line":10,"column":32},"end":{"line":10,"column":50}},"9":{"start":{"line":12,"column":21},"end":{"line":12,"column":28}},"10":{"start":{"line":13,"column":21},"end":{"line":13,"column":28}},"11":{"start":{"line":15,"column":29},"end":{"line":15,"column":44}},"12":{"start":{"line":16,"column":33},"end":{"line":16,"column":52}},"13":{"start":{"line":17,"column":24},"end":{"line":17,"column":34}},"14":{"start":{"line":18,"column":27},"end":{"line":18,"column":40}},"15":{"start":{"line":19,"column":28},"end":{"line":19,"column":42}}},"fnMap":{},"branchMap":{},"s":{"0":10,"1":10,"2":10,"3":10,"4":10,"5":10,"6":10,"7":10,"8":10,"9":10,"10":10,"11":10,"12":10,"13":10,"14":10,"15":10},"f":{},"b":{},"_coverageSchema":"332fd63041d2c1bcb487cc26dd0d5f7d97098a6c","hash":"f3e0cb3b508808929c3bbfdb7596ba8fafcdccbe"}
,"/home/nuwanp/mini-pos/client/src/reducers/cartListReducer.js": {"path":"/home/nuwanp/mini-pos/client/src/reducers/cartListReducer.js","statementMap":{"0":{"start":{"line":9,"column":21},"end":{"line":13,"column":1}},"1":{"start":{"line":16,"column":2},"end":{"line":72,"column":3}},"2":{"start":{"line":18,"column":4},"end":{"line":23,"column":6}},"3":{"start":{"line":26,"column":16},"end":{"line":26,"column":49}},"4":{"start":{"line":26,"column":40},"end":{"line":26,"column":48}},"5":{"start":{"line":27,"column":4},"end":{"line":37,"column":6}},"6":{"start":{"line":32,"column":48},"end":{"line":32,"column":64}},"7":{"start":{"line":41,"column":4},"end":{"line":47,"column":6}},"8":{"start":{"line":44,"column":15},"end":{"line":44,"column":53}},"9":{"start":{"line":50,"column":18},"end":{"line":52,"column":5}},"10":{"start":{"line":51,"column":14},"end":{"line":51,"column":52}},"11":{"start":{"line":54,"column":4},"end":{"line":61,"column":6}},"12":{"start":{"line":57,"column":8},"end":{"line":59,"column":16}},"13":{"start":{"line":64,"column":4},"end":{"line":67,"column":6}},"14":{"start":{"line":70,"column":4},"end":{"line":70,"column":17}}},"fnMap":{"0":{"name":"(anonymous_0)","decl":{"start":{"line":15,"column":15},"end":{"line":15,"column":16}},"loc":{"start":{"line":15,"column":55},"end":{"line":73,"column":1}},"line":15},"1":{"name":"(anonymous_1)","decl":{"start":{"line":26,"column":32},"end":{"line":26,"column":33}},"loc":{"start":{"line":26,"column":40},"end":{"line":26,"column":48}},"line":26},"2":{"name":"(anonymous_2)","decl":{"start":{"line":32,"column":43},"end":{"line":32,"column":44}},"loc":{"start":{"line":32,"column":48},"end":{"line":32,"column":64}},"line":32},"3":{"name":"(anonymous_3)","decl":{"start":{"line":44,"column":8},"end":{"line":44,"column":9}},"loc":{"start":{"line":44,"column":15},"end":{"line":44,"column":53}},"line":44},"4":{"name":"(anonymous_4)","decl":{"start":{"line":51,"column":6},"end":{"line":51,"column":7}},"loc":{"start":{"line":51,"column":14},"end":{"line":51,"column":52}},"line":51},"5":{"name":"(anonymous_5)","decl":{"start":{"line":56,"column":29},"end":{"line":56,"column":30}},"loc":{"start":{"line":57,"column":8},"end":{"line":59,"column":16}},"line":57}},"branchMap":{"0":{"loc":{"start":{"line":15,"column":25},"end":{"line":15,"column":45}},"type":"default-arg","locations":[{"start":{"line":15,"column":33},"end":{"line":15,"column":45}}],"line":15},"1":{"loc":{"start":{"line":16,"column":2},"end":{"line":72,"column":3}},"type":"switch","locations":[{"start":{"line":17,"column":2},"end":{"line":24,"column":3}},{"start":{"line":25,"column":2},"end":{"line":38,"column":3}},{"start":{"line":39,"column":2},"end":{"line":48,"column":3}},{"start":{"line":49,"column":2},"end":{"line":62,"column":3}},{"start":{"line":63,"column":2},"end":{"line":68,"column":3}},{"start":{"line":69,"column":2},"end":{"line":71,"column":3}}],"line":16},"2":{"loc":{"start":{"line":57,"column":8},"end":{"line":59,"column":16}},"type":"cond-expr","locations":[{"start":{"line":58,"column":12},"end":{"line":58,"column":67}},{"start":{"line":59,"column":12},"end":{"line":59,"column":16}}],"line":57}},"s":{"0":1,"1":6,"2":2,"3":0,"4":0,"5":0,"6":0,"7":1,"8":3,"9":1,"10":3,"11":1,"12":3,"13":1,"14":1},"f":{"0":6,"1":0,"2":0,"3":3,"4":3,"5":3},"b":{"0":[1],"1":[2,0,1,1,1,1],"2":[1,2]},"_coverageSchema":"332fd63041d2c1bcb487cc26dd0d5f7d97098a6c","hash":"43183f14fcbce6202628c69955ef34b09dccccbd"}
,"/home/nuwanp/mini-pos/client/src/reducers/cartReducer.js": {"path":"/home/nuwanp/mini-pos/client/src/reducers/cartReducer.js","statementMap":{"0":{"start":{"line":9,"column":21},"end":{"line":14,"column":1}},"1":{"start":{"line":17,"column":2},"end":{"line":93,"column":3}},"2":{"start":{"line":19,"column":14},"end":{"line":19,"column":15}},"3":{"start":{"line":20,"column":4},"end":{"line":24,"column":7}},"4":{"start":{"line":21,"column":6},"end":{"line":23,"column":14}},"5":{"start":{"line":26,"column":4},"end":{"line":32,"column":6}},"6":{"start":{"line":34,"column":15},"end":{"line":34,"column":16}},"7":{"start":{"line":35,"column":19},"end":{"line":37,"column":5}},"8":{"start":{"line":36,"column":13},"end":{"line":36,"column":54}},"9":{"start":{"line":38,"column":4},"end":{"line":42,"column":7}},"10":{"start":{"line":39,"column":6},"end":{"line":41,"column":15}},"11":{"start":{"line":43,"column":4},"end":{"line":47,"column":6}},"12":{"start":{"line":49,"column":4},"end":{"line":69,"column":6}},"13":{"start":{"line":71,"column":15},"end":{"line":71,"column":16}},"14":{"start":{"line":72,"column":4},"end":{"line":76,"column":7}},"15":{"start":{"line":73,"column":6},"end":{"line":75,"column":7}},"16":{"start":{"line":74,"column":8},"end":{"line":74,"column":48}},"17":{"start":{"line":77,"column":4},"end":{"line":81,"column":7}},"18":{"start":{"line":78,"column":6},"end":{"line":80,"column":15}},"19":{"start":{"line":82,"column":4},"end":{"line":85,"column":6}},"20":{"start":{"line":87,"column":4},"end":{"line":90,"column":6}},"21":{"start":{"line":92,"column":4},"end":{"line":92,"column":17}}},"fnMap":{"0":{"name":"(anonymous_0)","decl":{"start":{"line":16,"column":15},"end":{"line":16,"column":16}},"loc":{"start":{"line":16,"column":55},"end":{"line":94,"column":1}},"line":16},"1":{"name":"(anonymous_1)","decl":{"start":{"line":20,"column":29},"end":{"line":20,"column":30}},"loc":{"start":{"line":20,"column":34},"end":{"line":24,"column":5}},"line":20},"2":{"name":"(anonymous_2)","decl":{"start":{"line":36,"column":6},"end":{"line":36,"column":7}},"loc":{"start":{"line":36,"column":13},"end":{"line":36,"column":54}},"line":36},"3":{"name":"(anonymous_3)","decl":{"start":{"line":38,"column":17},"end":{"line":38,"column":18}},"loc":{"start":{"line":38,"column":22},"end":{"line":42,"column":5}},"line":38},"4":{"name":"(anonymous_4)","decl":{"start":{"line":72,"column":24},"end":{"line":72,"column":25}},"loc":{"start":{"line":72,"column":31},"end":{"line":76,"column":5}},"line":72},"5":{"name":"(anonymous_5)","decl":{"start":{"line":77,"column":24},"end":{"line":77,"column":25}},"loc":{"start":{"line":77,"column":29},"end":{"line":81,"column":5}},"line":77}},"branchMap":{"0":{"loc":{"start":{"line":16,"column":25},"end":{"line":16,"column":45}},"type":"default-arg","locations":[{"start":{"line":16,"column":33},"end":{"line":16,"column":45}}],"line":16},"1":{"loc":{"start":{"line":17,"column":2},"end":{"line":93,"column":3}},"type":"switch","locations":[{"start":{"line":18,"column":2},"end":{"line":32,"column":6}},{"start":{"line":33,"column":2},"end":{"line":47,"column":6}},{"start":{"line":48,"column":2},"end":{"line":69,"column":6}},{"start":{"line":70,"column":2},"end":{"line":85,"column":6}},{"start":{"line":86,"column":2},"end":{"line":90,"column":6}},{"start":{"line":91,"column":2},"end":{"line":92,"column":17}}],"line":17},"2":{"loc":{"start":{"line":73,"column":6},"end":{"line":75,"column":7}},"type":"if","locations":[{"start":{"line":73,"column":6},"end":{"line":75,"column":7}},{"start":{"line":73,"column":6},"end":{"line":75,"column":7}}],"line":73}},"s":{"0":1,"1":7,"2":2,"3":2,"4":4,"5":2,"6":1,"7":1,"8":2,"9":1,"10":1,"11":1,"12":1,"13":1,"14":1,"15":2,"16":1,"17":1,"18":2,"19":1,"20":1,"21":1},"f":{"0":7,"1":4,"2":2,"3":1,"4":2,"5":2},"b":{"0":[1],"1":[2,1,1,1,1,1],"2":[1,1]},"_coverageSchema":"332fd63041d2c1bcb487cc26dd0d5f7d97098a6c","hash":"105c2e10486ccc746870a26b32dbbef461a767db"}
,"/home/nuwanp/mini-pos/client/src/reducers/itemReducer.js": {"path":"/home/nuwanp/mini-pos/client/src/reducers/itemReducer.js","statementMap":{"0":{"start":{"line":8,"column":21},"end":{"line":11,"column":1}},"1":{"start":{"line":14,"column":2},"end":{"line":38,"column":3}},"2":{"start":{"line":16,"column":4},"end":{"line":20,"column":6}},"3":{"start":{"line":22,"column":4},"end":{"line":25,"column":6}},"4":{"start":{"line":24,"column":40},"end":{"line":24,"column":67}},"5":{"start":{"line":27,"column":4},"end":{"line":30,"column":6}},"6":{"start":{"line":32,"column":4},"end":{"line":35,"column":6}},"7":{"start":{"line":37,"column":4},"end":{"line":37,"column":17}}},"fnMap":{"0":{"name":"(anonymous_0)","decl":{"start":{"line":13,"column":15},"end":{"line":13,"column":16}},"loc":{"start":{"line":13,"column":55},"end":{"line":39,"column":1}},"line":13},"1":{"name":"(anonymous_1)","decl":{"start":{"line":24,"column":32},"end":{"line":24,"column":33}},"loc":{"start":{"line":24,"column":40},"end":{"line":24,"column":67}},"line":24}},"branchMap":{"0":{"loc":{"start":{"line":13,"column":25},"end":{"line":13,"column":45}},"type":"default-arg","locations":[{"start":{"line":13,"column":33},"end":{"line":13,"column":45}}],"line":13},"1":{"loc":{"start":{"line":14,"column":2},"end":{"line":38,"column":3}},"type":"switch","locations":[{"start":{"line":15,"column":2},"end":{"line":20,"column":6}},{"start":{"line":21,"column":2},"end":{"line":25,"column":6}},{"start":{"line":26,"column":2},"end":{"line":30,"column":6}},{"start":{"line":31,"column":2},"end":{"line":35,"column":6}},{"start":{"line":36,"column":2},"end":{"line":37,"column":17}}],"line":14}},"s":{"0":1,"1":6,"2":2,"3":1,"4":2,"5":1,"6":1,"7":1},"f":{"0":6,"1":2},"b":{"0":[1],"1":[2,1,1,1,1]},"_coverageSchema":"332fd63041d2c1bcb487cc26dd0d5f7d97098a6c","hash":"12e9841bc6ab318cfcb8bc3cd8cb721b4839713a"}
,"/home/nuwanp/mini-pos/client/src/reducers/loginReducer.js": {"path":"/home/nuwanp/mini-pos/client/src/reducers/loginReducer.js","statementMap":{"0":{"start":{"line":3,"column":21},"end":{"line":6,"column":1}},"1":{"start":{"line":9,"column":2},"end":{"line":23,"column":3}},"2":{"start":{"line":11,"column":4},"end":{"line":15,"column":6}},"3":{"start":{"line":17,"column":4},"end":{"line":20,"column":6}},"4":{"start":{"line":22,"column":4},"end":{"line":22,"column":17}}},"fnMap":{"0":{"name":"(anonymous_0)","decl":{"start":{"line":8,"column":15},"end":{"line":8,"column":16}},"loc":{"start":{"line":8,"column":54},"end":{"line":24,"column":1}},"line":8}},"branchMap":{"0":{"loc":{"start":{"line":8,"column":24},"end":{"line":8,"column":44}},"type":"default-arg","locations":[{"start":{"line":8,"column":32},"end":{"line":8,"column":44}}],"line":8},"1":{"loc":{"start":{"line":9,"column":2},"end":{"line":23,"column":3}},"type":"switch","locations":[{"start":{"line":10,"column":2},"end":{"line":15,"column":6}},{"start":{"line":16,"column":2},"end":{"line":20,"column":6}},{"start":{"line":21,"column":2},"end":{"line":22,"column":17}}],"line":9}},"s":{"0":1,"1":5,"2":2,"3":2,"4":1},"f":{"0":5},"b":{"0":[1],"1":[2,2,1]},"_coverageSchema":"332fd63041d2c1bcb487cc26dd0d5f7d97098a6c","hash":"6840f7fc7d4cc778ebfe20332d7666219e976e54"}
}
