TN:
SF:/home/nuwanp/mini-pos/client/src/actions/cartActions.js
FN:10,(anonymous_0)
FN:10,(anonymous_1)
FN:12,(anonymous_2)
FN:20,(anonymous_3)
FN:20,(anonymous_4)
FN:21,(anonymous_5)
FN:29,(anonymous_6)
FN:29,(anonymous_7)
FN:30,(anonymous_8)
FN:38,(anonymous_9)
FN:38,(anonymous_10)
FN:39,(anonymous_11)
FN:47,(anonymous_12)
FNF:13
FNH:13
FNDA:1,(anonymous_0)
FNDA:1,(anonymous_1)
FNDA:1,(anonymous_2)
FNDA:1,(anonymous_3)
FNDA:1,(anonymous_4)
FNDA:1,(anonymous_5)
FNDA:1,(anonymous_6)
FNDA:1,(anonymous_7)
FNDA:1,(anonymous_8)
FNDA:1,(anonymous_9)
FNDA:1,(anonymous_10)
FNDA:1,(anonymous_11)
FNDA:1,(anonymous_12)
DA:10,1
DA:11,1
DA:12,1
DA:13,1
DA:20,1
DA:21,1
DA:22,1
DA:29,1
DA:30,1
DA:31,1
DA:38,1
DA:39,1
DA:40,1
DA:47,1
DA:48,1
LF:15
LH:15
BRF:0
BRH:0
end_of_record
TN:
SF:/home/nuwanp/mini-pos/client/src/actions/types.js
FNF:0
FNH:0
DA:1,1
DA:2,1
DA:3,1
DA:4,1
DA:6,1
DA:7,1
DA:8,1
DA:9,1
DA:10,1
DA:12,1
DA:13,1
LF:11
LH:11
BRF:0
BRH:0
end_of_record
