{"/home/nuwanp/mini-pos/api/controllers/carts.js": {"path":"/home/nuwanp/mini-pos/api/controllers/carts.js","statementMap":{"0":{"start":{"line":1,"column":17},"end":{"line":1,"column":36}},"1":{"start":{"line":2,"column":13},"end":{"line":2,"column":41}},"2":{"start":{"line":3,"column":13},"end":{"line":3,"column":41}},"3":{"start":{"line":5,"column":0},"end":{"line":15,"column":2}},"4":{"start":{"line":6,"column":2},"end":{"line":14,"column":7}},"5":{"start":{"line":9,"column":19},"end":{"line":9,"column":34}},"6":{"start":{"line":11,"column":6},"end":{"line":13,"column":9}},"7":{"start":{"line":17,"column":0},"end":{"line":86,"column":2}},"8":{"start":{"line":18,"column":2},"end":{"line":85,"column":3}},"9":{"start":{"line":19,"column":4},"end":{"line":37,"column":9}},"10":{"start":{"line":22,"column":8},"end":{"line":32,"column":66}},"11":{"start":{"line":31,"column":23},"end":{"line":31,"column":36}},"12":{"start":{"line":32,"column":24},"end":{"line":32,"column":64}},"13":{"start":{"line":36,"column":8},"end":{"line":36,"column":49}},"14":{"start":{"line":39,"column":4},"end":{"line":84,"column":5}},"15":{"start":{"line":40,"column":6},"end":{"line":62,"column":65}},"16":{"start":{"line":43,"column":10},"end":{"line":61,"column":67}},"17":{"start":{"line":53,"column":14},"end":{"line":59,"column":15}},"18":{"start":{"line":54,"column":30},"end":{"line":54,"column":74}},"19":{"start":{"line":55,"column":16},"end":{"line":55,"column":41}},"20":{"start":{"line":56,"column":16},"end":{"line":56,"column":57}},"21":{"start":{"line":56,"column":41},"end":{"line":56,"column":55}},"22":{"start":{"line":58,"column":16},"end":{"line":58,"column":30}},"23":{"start":{"line":61,"column":26},"end":{"line":61,"column":66}},"24":{"start":{"line":62,"column":24},"end":{"line":62,"column":64}},"25":{"start":{"line":64,"column":22},"end":{"line":68,"column":8}},"26":{"start":{"line":70,"column":6},"end":{"line":83,"column":9}},"27":{"start":{"line":71,"column":8},"end":{"line":82,"column":13}},"28":{"start":{"line":74,"column":12},"end":{"line":74,"column":38}},"29":{"start":{"line":75,"column":12},"end":{"line":75,"column":57}},"30":{"start":{"line":79,"column":12},"end":{"line":81,"column":15}},"31":{"start":{"line":88,"column":0},"end":{"line":99,"column":2}},"32":{"start":{"line":89,"column":2},"end":{"line":98,"column":7}},"33":{"start":{"line":94,"column":16},"end":{"line":94,"column":55}},"34":{"start":{"line":97,"column":6},"end":{"line":97,"column":47}},"35":{"start":{"line":101,"column":0},"end":{"line":106,"column":2}},"36":{"start":{"line":102,"column":2},"end":{"line":105,"column":93}},"37":{"start":{"line":104,"column":18},"end":{"line":104,"column":71}},"38":{"start":{"line":104,"column":43},"end":{"line":104,"column":70}},"39":{"start":{"line":105,"column":21},"end":{"line":105,"column":62}},"40":{"start":{"line":105,"column":63},"end":{"line":105,"column":89}}},"fnMap":{"0":{"name":"(anonymous_0)","decl":{"start":{"line":5,"column":20},"end":{"line":5,"column":21}},"loc":{"start":{"line":5,"column":34},"end":{"line":15,"column":1}},"line":5},"1":{"name":"(anonymous_1)","decl":{"start":{"line":9,"column":10},"end":{"line":9,"column":11}},"loc":{"start":{"line":9,"column":19},"end":{"line":9,"column":34}},"line":9},"2":{"name":"(anonymous_2)","decl":{"start":{"line":10,"column":11},"end":{"line":10,"column":12}},"loc":{"start":{"line":10,"column":18},"end":{"line":14,"column":5}},"line":10},"3":{"name":"(anonymous_3)","decl":{"start":{"line":17,"column":21},"end":{"line":17,"column":22}},"loc":{"start":{"line":17,"column":35},"end":{"line":86,"column":1}},"line":17},"4":{"name":"(anonymous_4)","decl":{"start":{"line":21,"column":12},"end":{"line":21,"column":13}},"loc":{"start":{"line":21,"column":18},"end":{"line":33,"column":7}},"line":21},"5":{"name":"(anonymous_5)","decl":{"start":{"line":31,"column":16},"end":{"line":31,"column":17}},"loc":{"start":{"line":31,"column":23},"end":{"line":31,"column":36}},"line":31},"6":{"name":"(anonymous_6)","decl":{"start":{"line":32,"column":17},"end":{"line":32,"column":18}},"loc":{"start":{"line":32,"column":24},"end":{"line":32,"column":64}},"line":32},"7":{"name":"(anonymous_7)","decl":{"start":{"line":34,"column":13},"end":{"line":34,"column":14}},"loc":{"start":{"line":34,"column":20},"end":{"line":37,"column":7}},"line":34},"8":{"name":"(anonymous_8)","decl":{"start":{"line":42,"column":14},"end":{"line":42,"column":15}},"loc":{"start":{"line":42,"column":24},"end":{"line":62,"column":9}},"line":42},"9":{"name":"(anonymous_9)","decl":{"start":{"line":52,"column":18},"end":{"line":52,"column":19}},"loc":{"start":{"line":52,"column":25},"end":{"line":60,"column":13}},"line":52},"10":{"name":"(anonymous_10)","decl":{"start":{"line":56,"column":33},"end":{"line":56,"column":34}},"loc":{"start":{"line":56,"column":41},"end":{"line":56,"column":55}},"line":56},"11":{"name":"(anonymous_11)","decl":{"start":{"line":61,"column":19},"end":{"line":61,"column":20}},"loc":{"start":{"line":61,"column":26},"end":{"line":61,"column":66}},"line":61},"12":{"name":"(anonymous_12)","decl":{"start":{"line":62,"column":17},"end":{"line":62,"column":18}},"loc":{"start":{"line":62,"column":24},"end":{"line":62,"column":64}},"line":62},"13":{"name":"(anonymous_13)","decl":{"start":{"line":70,"column":26},"end":{"line":70,"column":27}},"loc":{"start":{"line":70,"column":34},"end":{"line":83,"column":7}},"line":70},"14":{"name":"(anonymous_14)","decl":{"start":{"line":73,"column":16},"end":{"line":73,"column":17}},"loc":{"start":{"line":73,"column":24},"end":{"line":76,"column":11}},"line":73},"15":{"name":"(anonymous_15)","decl":{"start":{"line":77,"column":17},"end":{"line":77,"column":18}},"loc":{"start":{"line":77,"column":24},"end":{"line":82,"column":11}},"line":77},"16":{"name":"(anonymous_16)","decl":{"start":{"line":88,"column":23},"end":{"line":88,"column":24}},"loc":{"start":{"line":88,"column":37},"end":{"line":99,"column":1}},"line":88},"17":{"name":"(anonymous_17)","decl":{"start":{"line":94,"column":10},"end":{"line":94,"column":11}},"loc":{"start":{"line":94,"column":16},"end":{"line":94,"column":55}},"line":94},"18":{"name":"(anonymous_18)","decl":{"start":{"line":95,"column":11},"end":{"line":95,"column":12}},"loc":{"start":{"line":95,"column":18},"end":{"line":98,"column":5}},"line":95},"19":{"name":"(anonymous_19)","decl":{"start":{"line":101,"column":22},"end":{"line":101,"column":23}},"loc":{"start":{"line":101,"column":36},"end":{"line":106,"column":1}},"line":101},"20":{"name":"(anonymous_20)","decl":{"start":{"line":104,"column":10},"end":{"line":104,"column":11}},"loc":{"start":{"line":104,"column":18},"end":{"line":104,"column":71}},"line":104},"21":{"name":"(anonymous_21)","decl":{"start":{"line":104,"column":37},"end":{"line":104,"column":38}},"loc":{"start":{"line":104,"column":43},"end":{"line":104,"column":70}},"line":104},"22":{"name":"(anonymous_22)","decl":{"start":{"line":105,"column":11},"end":{"line":105,"column":12}},"loc":{"start":{"line":105,"column":19},"end":{"line":105,"column":91}},"line":105}},"branchMap":{"0":{"loc":{"start":{"line":18,"column":2},"end":{"line":85,"column":3}},"type":"if","locations":[{"start":{"line":18,"column":2},"end":{"line":85,"column":3}},{"start":{"line":18,"column":2},"end":{"line":85,"column":3}}],"line":18},"1":{"loc":{"start":{"line":39,"column":4},"end":{"line":84,"column":5}},"type":"if","locations":[{"start":{"line":39,"column":4},"end":{"line":84,"column":5}},{"start":{"line":39,"column":4},"end":{"line":84,"column":5}}],"line":39},"2":{"loc":{"start":{"line":53,"column":14},"end":{"line":59,"column":15}},"type":"if","locations":[{"start":{"line":53,"column":14},"end":{"line":59,"column":15}},{"start":{"line":53,"column":14},"end":{"line":59,"column":15}}],"line":53}},"s":{"0":1,"1":1,"2":1,"3":1,"4":2,"5":1,"6":1,"7":1,"8":11,"9":3,"10":2,"11":1,"12":1,"13":1,"14":8,"15":6,"16":5,"17":4,"18":2,"19":2,"20":2,"21":2,"22":2,"23":1,"24":1,"25":2,"26":2,"27":2,"28":2,"29":2,"30":0,"31":1,"32":1,"33":1,"34":0,"35":1,"36":1,"37":1,"38":1,"39":0,"40":0},"f":{"0":2,"1":1,"2":1,"3":11,"4":2,"5":1,"6":1,"7":1,"8":5,"9":4,"10":2,"11":1,"12":1,"13":2,"14":2,"15":0,"16":1,"17":1,"18":0,"19":1,"20":1,"21":1,"22":0},"b":{"0":[3,8],"1":[6,2],"2":[2,2]},"_coverageSchema":"43e27e138ebf9cfc5966b082cf9a028302ed4184","hash":"5d668b36ad01d419732ccd08ca13755bf717092d"}
,"/home/nuwanp/mini-pos/api/controllers/items.js": {"path":"/home/nuwanp/mini-pos/api/controllers/items.js","statementMap":{"0":{"start":{"line":1,"column":16},"end":{"line":1,"column":34}},"1":{"start":{"line":2,"column":15},"end":{"line":2,"column":31}},"2":{"start":{"line":3,"column":17},"end":{"line":3,"column":36}},"3":{"start":{"line":7,"column":13},"end":{"line":7,"column":41}},"4":{"start":{"line":9,"column":0},"end":{"line":15,"column":2}},"5":{"start":{"line":10,"column":2},"end":{"line":14,"column":56}},"6":{"start":{"line":13,"column":19},"end":{"line":13,"column":34}},"7":{"start":{"line":14,"column":18},"end":{"line":14,"column":54}},"8":{"start":{"line":17,"column":0},"end":{"line":31,"column":2}},"9":{"start":{"line":18,"column":18},"end":{"line":25,"column":4}},"10":{"start":{"line":27,"column":2},"end":{"line":30,"column":56}},"11":{"start":{"line":29,"column":18},"end":{"line":29,"column":32}},"12":{"start":{"line":30,"column":18},"end":{"line":30,"column":54}},"13":{"start":{"line":33,"column":0},"end":{"line":43,"column":2}},"14":{"start":{"line":34,"column":2},"end":{"line":42,"column":61}},"15":{"start":{"line":37,"column":6},"end":{"line":40,"column":59}},"16":{"start":{"line":39,"column":20},"end":{"line":39,"column":47}},"17":{"start":{"line":40,"column":22},"end":{"line":40,"column":58}},"18":{"start":{"line":42,"column":19},"end":{"line":42,"column":59}}},"fnMap":{"0":{"name":"(anonymous_0)","decl":{"start":{"line":9,"column":20},"end":{"line":9,"column":21}},"loc":{"start":{"line":9,"column":34},"end":{"line":15,"column":1}},"line":9},"1":{"name":"(anonymous_1)","decl":{"start":{"line":13,"column":10},"end":{"line":13,"column":11}},"loc":{"start":{"line":13,"column":19},"end":{"line":13,"column":34}},"line":13},"2":{"name":"(anonymous_2)","decl":{"start":{"line":14,"column":11},"end":{"line":14,"column":12}},"loc":{"start":{"line":14,"column":18},"end":{"line":14,"column":54}},"line":14},"3":{"name":"(anonymous_3)","decl":{"start":{"line":17,"column":19},"end":{"line":17,"column":20}},"loc":{"start":{"line":17,"column":33},"end":{"line":31,"column":1}},"line":17},"4":{"name":"(anonymous_4)","decl":{"start":{"line":29,"column":10},"end":{"line":29,"column":11}},"loc":{"start":{"line":29,"column":18},"end":{"line":29,"column":32}},"line":29},"5":{"name":"(anonymous_5)","decl":{"start":{"line":30,"column":11},"end":{"line":30,"column":12}},"loc":{"start":{"line":30,"column":18},"end":{"line":30,"column":54}},"line":30},"6":{"name":"(anonymous_6)","decl":{"start":{"line":33,"column":22},"end":{"line":33,"column":23}},"loc":{"start":{"line":33,"column":36},"end":{"line":43,"column":1}},"line":33},"7":{"name":"(anonymous_7)","decl":{"start":{"line":36,"column":10},"end":{"line":36,"column":11}},"loc":{"start":{"line":37,"column":6},"end":{"line":40,"column":59}},"line":37},"8":{"name":"(anonymous_8)","decl":{"start":{"line":39,"column":14},"end":{"line":39,"column":15}},"loc":{"start":{"line":39,"column":20},"end":{"line":39,"column":47}},"line":39},"9":{"name":"(anonymous_9)","decl":{"start":{"line":40,"column":15},"end":{"line":40,"column":16}},"loc":{"start":{"line":40,"column":22},"end":{"line":40,"column":58}},"line":40},"10":{"name":"(anonymous_10)","decl":{"start":{"line":42,"column":11},"end":{"line":42,"column":12}},"loc":{"start":{"line":42,"column":19},"end":{"line":42,"column":59}},"line":42}},"branchMap":{},"s":{"0":1,"1":1,"2":1,"3":1,"4":1,"5":4,"6":4,"7":0,"8":1,"9":3,"10":3,"11":3,"12":0,"13":1,"14":2,"15":2,"16":1,"17":0,"18":1},"f":{"0":4,"1":4,"2":0,"3":3,"4":3,"5":0,"6":2,"7":2,"8":1,"9":0,"10":1},"b":{},"_coverageSchema":"43e27e138ebf9cfc5966b082cf9a028302ed4184","hash":"4122fab8490b714b1290367602b791263befa34b"}
,"/home/nuwanp/mini-pos/api/controllers/user.js": {"path":"/home/nuwanp/mini-pos/api/controllers/user.js","statementMap":{"0":{"start":{"line":1,"column":13},"end":{"line":1,"column":41}},"1":{"start":{"line":2,"column":13},"end":{"line":2,"column":41}},"2":{"start":{"line":3,"column":17},"end":{"line":3,"column":36}},"3":{"start":{"line":4,"column":15},"end":{"line":4,"column":32}},"4":{"start":{"line":5,"column":12},"end":{"line":5,"column":35}},"5":{"start":{"line":6,"column":15},"end":{"line":6,"column":50}},"6":{"start":{"line":8,"column":0},"end":{"line":10,"column":2}},"7":{"start":{"line":9,"column":2},"end":{"line":9,"column":30}},"8":{"start":{"line":12,"column":0},"end":{"line":51,"column":2}},"9":{"start":{"line":13,"column":2},"end":{"line":50,"column":7}},"10":{"start":{"line":16,"column":6},"end":{"line":44,"column":7}},"11":{"start":{"line":17,"column":8},"end":{"line":19,"column":11}},"12":{"start":{"line":21,"column":8},"end":{"line":43,"column":13}},"13":{"start":{"line":23,"column":25},"end":{"line":28,"column":14}},"14":{"start":{"line":29,"column":12},"end":{"line":42,"column":17}},"15":{"start":{"line":33,"column":16},"end":{"line":35,"column":19}},"16":{"start":{"line":39,"column":16},"end":{"line":41,"column":19}},"17":{"start":{"line":47,"column":6},"end":{"line":49,"column":9}},"18":{"start":{"line":53,"column":0},"end":{"line":93,"column":2}},"19":{"start":{"line":54,"column":2},"end":{"line":92,"column":7}},"20":{"start":{"line":57,"column":6},"end":{"line":61,"column":7}},"21":{"start":{"line":58,"column":8},"end":{"line":60,"column":11}},"22":{"start":{"line":62,"column":6},"end":{"line":85,"column":11}},"23":{"start":{"line":64,"column":10},"end":{"line":84,"column":11}},"24":{"start":{"line":65,"column":26},"end":{"line":74,"column":13}},"25":{"start":{"line":75,"column":12},"end":{"line":79,"column":45}},"26":{"start":{"line":81,"column":12},"end":{"line":83,"column":15}},"27":{"start":{"line":89,"column":6},"end":{"line":91,"column":9}},"28":{"start":{"line":95,"column":0},"end":{"line":97,"column":2}},"29":{"start":{"line":96,"column":2},"end":{"line":96,"column":43}},"30":{"start":{"line":99,"column":0},"end":{"line":112,"column":2}},"31":{"start":{"line":100,"column":2},"end":{"line":111,"column":7}},"32":{"start":{"line":102,"column":6},"end":{"line":104,"column":9}},"33":{"start":{"line":108,"column":6},"end":{"line":110,"column":9}},"34":{"start":{"line":114,"column":0},"end":{"line":130,"column":2}},"35":{"start":{"line":115,"column":2},"end":{"line":129,"column":7}},"36":{"start":{"line":122,"column":6},"end":{"line":122,"column":53}},"37":{"start":{"line":126,"column":6},"end":{"line":128,"column":9}},"38":{"start":{"line":154,"column":0},"end":{"line":183,"column":2}},"39":{"start":{"line":155,"column":2},"end":{"line":182,"column":7}},"40":{"start":{"line":158,"column":6},"end":{"line":177,"column":75}},"41":{"start":{"line":169,"column":10},"end":{"line":175,"column":15}},"42":{"start":{"line":171,"column":24},"end":{"line":171,"column":63}},"43":{"start":{"line":174,"column":14},"end":{"line":174,"column":62}},"44":{"start":{"line":177,"column":24},"end":{"line":177,"column":71}},"45":{"start":{"line":181,"column":6},"end":{"line":181,"column":54}}},"fnMap":{"0":{"name":"(anonymous_0)","decl":{"start":{"line":8,"column":31},"end":{"line":8,"column":32}},"loc":{"start":{"line":8,"column":45},"end":{"line":10,"column":1}},"line":8},"1":{"name":"(anonymous_1)","decl":{"start":{"line":12,"column":22},"end":{"line":12,"column":23}},"loc":{"start":{"line":12,"column":42},"end":{"line":51,"column":1}},"line":12},"2":{"name":"(anonymous_2)","decl":{"start":{"line":15,"column":10},"end":{"line":15,"column":11}},"loc":{"start":{"line":15,"column":18},"end":{"line":45,"column":5}},"line":15},"3":{"name":"(anonymous_3)","decl":{"start":{"line":22,"column":16},"end":{"line":22,"column":17}},"loc":{"start":{"line":22,"column":24},"end":{"line":43,"column":11}},"line":22},"4":{"name":"(anonymous_4)","decl":{"start":{"line":31,"column":20},"end":{"line":31,"column":21}},"loc":{"start":{"line":31,"column":30},"end":{"line":36,"column":15}},"line":31},"5":{"name":"(anonymous_5)","decl":{"start":{"line":37,"column":21},"end":{"line":37,"column":22}},"loc":{"start":{"line":37,"column":28},"end":{"line":42,"column":15}},"line":37},"6":{"name":"(anonymous_6)","decl":{"start":{"line":45,"column":13},"end":{"line":45,"column":14}},"loc":{"start":{"line":45,"column":20},"end":{"line":50,"column":5}},"line":45},"7":{"name":"(anonymous_7)","decl":{"start":{"line":53,"column":21},"end":{"line":53,"column":22}},"loc":{"start":{"line":53,"column":41},"end":{"line":93,"column":1}},"line":53},"8":{"name":"(anonymous_8)","decl":{"start":{"line":56,"column":10},"end":{"line":56,"column":11}},"loc":{"start":{"line":56,"column":18},"end":{"line":86,"column":5}},"line":56},"9":{"name":"(anonymous_9)","decl":{"start":{"line":63,"column":14},"end":{"line":63,"column":15}},"loc":{"start":{"line":63,"column":24},"end":{"line":85,"column":9}},"line":63},"10":{"name":"(anonymous_10)","decl":{"start":{"line":87,"column":11},"end":{"line":87,"column":12}},"loc":{"start":{"line":87,"column":18},"end":{"line":92,"column":5}},"line":87},"11":{"name":"(anonymous_11)","decl":{"start":{"line":95,"column":22},"end":{"line":95,"column":23}},"loc":{"start":{"line":95,"column":42},"end":{"line":97,"column":1}},"line":95},"12":{"name":"(anonymous_12)","decl":{"start":{"line":99,"column":22},"end":{"line":99,"column":23}},"loc":{"start":{"line":99,"column":42},"end":{"line":112,"column":1}},"line":99},"13":{"name":"(anonymous_13)","decl":{"start":{"line":101,"column":10},"end":{"line":101,"column":11}},"loc":{"start":{"line":101,"column":20},"end":{"line":105,"column":5}},"line":101},"14":{"name":"(anonymous_14)","decl":{"start":{"line":106,"column":11},"end":{"line":106,"column":12}},"loc":{"start":{"line":106,"column":18},"end":{"line":111,"column":5}},"line":106},"15":{"name":"(anonymous_15)","decl":{"start":{"line":114,"column":23},"end":{"line":114,"column":24}},"loc":{"start":{"line":114,"column":43},"end":{"line":130,"column":1}},"line":114},"16":{"name":"(anonymous_16)","decl":{"start":{"line":121,"column":10},"end":{"line":121,"column":11}},"loc":{"start":{"line":121,"column":18},"end":{"line":123,"column":5}},"line":121},"17":{"name":"(anonymous_17)","decl":{"start":{"line":124,"column":11},"end":{"line":124,"column":12}},"loc":{"start":{"line":124,"column":18},"end":{"line":129,"column":5}},"line":124},"18":{"name":"(anonymous_18)","decl":{"start":{"line":154,"column":22},"end":{"line":154,"column":23}},"loc":{"start":{"line":154,"column":42},"end":{"line":183,"column":1}},"line":154},"19":{"name":"(anonymous_19)","decl":{"start":{"line":157,"column":10},"end":{"line":157,"column":11}},"loc":{"start":{"line":157,"column":16},"end":{"line":178,"column":5}},"line":157},"20":{"name":"(anonymous_20)","decl":{"start":{"line":167,"column":14},"end":{"line":167,"column":15}},"loc":{"start":{"line":167,"column":20},"end":{"line":176,"column":9}},"line":167},"21":{"name":"(anonymous_21)","decl":{"start":{"line":171,"column":18},"end":{"line":171,"column":19}},"loc":{"start":{"line":171,"column":24},"end":{"line":171,"column":63}},"line":171},"22":{"name":"(anonymous_22)","decl":{"start":{"line":172,"column":19},"end":{"line":172,"column":20}},"loc":{"start":{"line":172,"column":26},"end":{"line":175,"column":13}},"line":172},"23":{"name":"(anonymous_23)","decl":{"start":{"line":177,"column":15},"end":{"line":177,"column":16}},"loc":{"start":{"line":177,"column":22},"end":{"line":177,"column":73}},"line":177},"24":{"name":"(anonymous_24)","decl":{"start":{"line":179,"column":11},"end":{"line":179,"column":12}},"loc":{"start":{"line":179,"column":18},"end":{"line":182,"column":5}},"line":179}},"branchMap":{"0":{"loc":{"start":{"line":16,"column":6},"end":{"line":44,"column":7}},"type":"if","locations":[{"start":{"line":16,"column":6},"end":{"line":44,"column":7}},{"start":{"line":16,"column":6},"end":{"line":44,"column":7}}],"line":16},"1":{"loc":{"start":{"line":57,"column":6},"end":{"line":61,"column":7}},"type":"if","locations":[{"start":{"line":57,"column":6},"end":{"line":61,"column":7}},{"start":{"line":57,"column":6},"end":{"line":61,"column":7}}],"line":57},"2":{"loc":{"start":{"line":64,"column":10},"end":{"line":84,"column":11}},"type":"if","locations":[{"start":{"line":64,"column":10},"end":{"line":84,"column":11}},{"start":{"line":64,"column":10},"end":{"line":84,"column":11}}],"line":64}},"s":{"0":1,"1":1,"2":1,"3":1,"4":1,"5":1,"6":1,"7":1,"8":1,"9":2,"10":2,"11":1,"12":1,"13":1,"14":1,"15":1,"16":0,"17":0,"18":1,"19":17,"20":17,"21":1,"22":16,"23":16,"24":15,"25":15,"26":1,"27":0,"28":1,"29":1,"30":1,"31":2,"32":1,"33":1,"34":1,"35":10,"36":9,"37":1,"38":1,"39":3,"40":2,"41":1,"42":1,"43":0,"44":1,"45":1},"f":{"0":1,"1":2,"2":2,"3":1,"4":1,"5":0,"6":0,"7":17,"8":17,"9":16,"10":0,"11":1,"12":2,"13":1,"14":1,"15":10,"16":9,"17":1,"18":3,"19":2,"20":1,"21":1,"22":0,"23":1,"24":1},"b":{"0":[1,1],"1":[1,16],"2":[15,1]},"_coverageSchema":"43e27e138ebf9cfc5966b082cf9a028302ed4184","hash":"fa689bfb9570ff19a3acbbe9b05f16d88c26d1b6"}
,"/home/nuwanp/mini-pos/api/middleware/check-auth.js": {"path":"/home/nuwanp/mini-pos/api/middleware/check-auth.js","statementMap":{"0":{"start":{"line":1,"column":12},"end":{"line":1,"column":35}},"1":{"start":{"line":2,"column":15},"end":{"line":2,"column":50}},"2":{"start":{"line":4,"column":0},"end":{"line":20,"column":2}},"3":{"start":{"line":6,"column":1},"end":{"line":19,"column":2}},"4":{"start":{"line":8,"column":6},"end":{"line":11,"column":23}},"5":{"start":{"line":12,"column":18},"end":{"line":12,"column":43}},"6":{"start":{"line":13,"column":2},"end":{"line":13,"column":25}},"7":{"start":{"line":14,"column":2},"end":{"line":14,"column":9}},"8":{"start":{"line":16,"column":2},"end":{"line":18,"column":5}}},"fnMap":{"0":{"name":"(anonymous_0)","decl":{"start":{"line":4,"column":17},"end":{"line":4,"column":18}},"loc":{"start":{"line":4,"column":37},"end":{"line":20,"column":1}},"line":4}},"branchMap":{"0":{"loc":{"start":{"line":8,"column":6},"end":{"line":11,"column":23}},"type":"binary-expr","locations":[{"start":{"line":8,"column":6},"end":{"line":8,"column":20}},{"start":{"line":9,"column":6},"end":{"line":9,"column":21}},{"start":{"line":10,"column":6},"end":{"line":10,"column":35}},{"start":{"line":11,"column":6},"end":{"line":11,"column":23}}],"line":8}},"s":{"0":1,"1":1,"2":1,"3":43,"4":43,"5":42,"6":42,"7":42,"8":1},"f":{"0":43},"b":{"0":[43,43,43,1]},"_coverageSchema":"43e27e138ebf9cfc5966b082cf9a028302ed4184","hash":"84fc8c3c1d9276b71ea5681e896e37b3b41d6d64"}
,"/home/nuwanp/mini-pos/api/middleware/image_uploader.js": {"path":"/home/nuwanp/mini-pos/api/middleware/image_uploader.js","statementMap":{"0":{"start":{"line":1,"column":15},"end":{"line":1,"column":32}},"1":{"start":{"line":3,"column":16},"end":{"line":10,"column":2}},"2":{"start":{"line":5,"column":2},"end":{"line":5,"column":31}},"3":{"start":{"line":8,"column":2},"end":{"line":8,"column":33}},"4":{"start":{"line":11,"column":15},"end":{"line":11,"column":43}},"5":{"start":{"line":13,"column":0},"end":{"line":22,"column":2}},"6":{"start":{"line":15,"column":1},"end":{"line":21,"column":2}},"7":{"start":{"line":16,"column":2},"end":{"line":16,"column":36}},"8":{"start":{"line":18,"column":2},"end":{"line":20,"column":5}}},"fnMap":{"0":{"name":"(anonymous_0)","decl":{"start":{"line":4,"column":14},"end":{"line":4,"column":15}},"loc":{"start":{"line":4,"column":39},"end":{"line":6,"column":2}},"line":4},"1":{"name":"(anonymous_1)","decl":{"start":{"line":7,"column":11},"end":{"line":7,"column":12}},"loc":{"start":{"line":7,"column":36},"end":{"line":9,"column":2}},"line":7},"2":{"name":"(anonymous_2)","decl":{"start":{"line":13,"column":24},"end":{"line":13,"column":25}},"loc":{"start":{"line":13,"column":44},"end":{"line":22,"column":1}},"line":13}},"branchMap":{},"s":{"0":1,"1":1,"2":1,"3":1,"4":1,"5":1,"6":1,"7":1,"8":0},"f":{"0":1,"1":1,"2":1},"b":{},"_coverageSchema":"43e27e138ebf9cfc5966b082cf9a028302ed4184","hash":"917e6c6c41bb4abe2856d94ce599c1dae5732124"}
,"/home/nuwanp/mini-pos/api/routes/carts.js": {"path":"/home/nuwanp/mini-pos/api/routes/carts.js","statementMap":{"0":{"start":{"line":1,"column":16},"end":{"line":1,"column":34}},"1":{"start":{"line":2,"column":15},"end":{"line":2,"column":31}},"2":{"start":{"line":3,"column":18},"end":{"line":3,"column":53}},"3":{"start":{"line":7,"column":24},"end":{"line":7,"column":55}},"4":{"start":{"line":9,"column":0},"end":{"line":9,"column":57}},"5":{"start":{"line":11,"column":0},"end":{"line":11,"column":56}},"6":{"start":{"line":13,"column":0},"end":{"line":13,"column":65}},"7":{"start":{"line":15,"column":0},"end":{"line":15,"column":62}},"8":{"start":{"line":17,"column":0},"end":{"line":17,"column":24}}},"fnMap":{},"branchMap":{},"s":{"0":1,"1":1,"2":1,"3":1,"4":1,"5":1,"6":1,"7":1,"8":1},"f":{},"b":{},"_coverageSchema":"43e27e138ebf9cfc5966b082cf9a028302ed4184","hash":"fd81f3435528001ef96fb823b89651a63bcb49c3"}
,"/home/nuwanp/mini-pos/api/routes/items.js": {"path":"/home/nuwanp/mini-pos/api/routes/items.js","statementMap":{"0":{"start":{"line":1,"column":16},"end":{"line":1,"column":34}},"1":{"start":{"line":2,"column":15},"end":{"line":2,"column":31}},"2":{"start":{"line":3,"column":18},"end":{"line":3,"column":53}},"3":{"start":{"line":4,"column":25},"end":{"line":4,"column":64}},"4":{"start":{"line":6,"column":24},"end":{"line":6,"column":55}},"5":{"start":{"line":8,"column":0},"end":{"line":8,"column":54}},"6":{"start":{"line":10,"column":0},"end":{"line":15,"column":2}},"7":{"start":{"line":17,"column":0},"end":{"line":17,"column":62}},"8":{"start":{"line":19,"column":0},"end":{"line":19,"column":24}}},"fnMap":{},"branchMap":{},"s":{"0":1,"1":1,"2":1,"3":1,"4":1,"5":1,"6":1,"7":1,"8":1},"f":{},"b":{},"_coverageSchema":"43e27e138ebf9cfc5966b082cf9a028302ed4184","hash":"0e1b352002840ba3876474575e1ad7b9e5a749a4"}
,"/home/nuwanp/mini-pos/api/routes/user.js": {"path":"/home/nuwanp/mini-pos/api/routes/user.js","statementMap":{"0":{"start":{"line":1,"column":16},"end":{"line":1,"column":34}},"1":{"start":{"line":2,"column":15},"end":{"line":2,"column":31}},"2":{"start":{"line":3,"column":18},"end":{"line":3,"column":53}},"3":{"start":{"line":5,"column":23},"end":{"line":5,"column":53}},"4":{"start":{"line":7,"column":0},"end":{"line":7,"column":68}},"5":{"start":{"line":9,"column":0},"end":{"line":9,"column":51}},"6":{"start":{"line":11,"column":0},"end":{"line":11,"column":49}},"7":{"start":{"line":13,"column":0},"end":{"line":13,"column":62}},"8":{"start":{"line":15,"column":0},"end":{"line":15,"column":65}},"9":{"start":{"line":17,"column":0},"end":{"line":17,"column":65}},"10":{"start":{"line":19,"column":0},"end":{"line":19,"column":60}},"11":{"start":{"line":21,"column":0},"end":{"line":21,"column":66}},"12":{"start":{"line":23,"column":0},"end":{"line":23,"column":24}}},"fnMap":{},"branchMap":{},"s":{"0":1,"1":1,"2":1,"3":1,"4":1,"5":1,"6":1,"7":1,"8":1,"9":1,"10":1,"11":1,"12":1},"f":{},"b":{},"_coverageSchema":"43e27e138ebf9cfc5966b082cf9a028302ed4184","hash":"a118f8fd9890dca720d84f44143496bd6f85a621"}
,"/home/nuwanp/mini-pos/config/keys.js": {"path":"/home/nuwanp/mini-pos/config/keys.js","statementMap":{"0":{"start":{"line":1,"column":0},"end":{"line":5,"column":1}}},"fnMap":{},"branchMap":{},"s":{"0":1},"f":{},"b":{},"_coverageSchema":"43e27e138ebf9cfc5966b082cf9a028302ed4184","hash":"2ad94ad4d24a76e2aeca2dfdd56aa2c1d26a5502"}
,"/home/nuwanp/mini-pos/models/Cart.js": {"path":"/home/nuwanp/mini-pos/models/Cart.js","statementMap":{"0":{"start":{"line":1,"column":17},"end":{"line":1,"column":36}},"1":{"start":{"line":2,"column":15},"end":{"line":2,"column":30}},"2":{"start":{"line":5,"column":19},"end":{"line":19,"column":2}},"3":{"start":{"line":21,"column":0},"end":{"line":21,"column":52}}},"fnMap":{},"branchMap":{},"s":{"0":1,"1":1,"2":1,"3":1},"f":{},"b":{},"_coverageSchema":"43e27e138ebf9cfc5966b082cf9a028302ed4184","hash":"98f56f7f65c8fc1a95fe9efcd5f7fa62dbd34545"}
,"/home/nuwanp/mini-pos/models/Item.js": {"path":"/home/nuwanp/mini-pos/models/Item.js","statementMap":{"0":{"start":{"line":1,"column":17},"end":{"line":1,"column":36}},"1":{"start":{"line":2,"column":15},"end":{"line":2,"column":30}},"2":{"start":{"line":5,"column":19},"end":{"line":22,"column":2}},"3":{"start":{"line":24,"column":0},"end":{"line":24,"column":52}}},"fnMap":{},"branchMap":{},"s":{"0":1,"1":1,"2":1,"3":1},"f":{},"b":{},"_coverageSchema":"43e27e138ebf9cfc5966b082cf9a028302ed4184","hash":"7147e4b106dc52e73c44539afa7e8bd4e8a458c1"}
,"/home/nuwanp/mini-pos/models/User.js": {"path":"/home/nuwanp/mini-pos/models/User.js","statementMap":{"0":{"start":{"line":1,"column":17},"end":{"line":1,"column":36}},"1":{"start":{"line":2,"column":15},"end":{"line":2,"column":30}},"2":{"start":{"line":4,"column":19},"end":{"line":14,"column":2}},"3":{"start":{"line":16,"column":0},"end":{"line":16,"column":52}}},"fnMap":{},"branchMap":{},"s":{"0":1,"1":1,"2":1,"3":1},"f":{},"b":{},"_coverageSchema":"43e27e138ebf9cfc5966b082cf9a028302ed4184","hash":"9568817ebb4fce61db7b12fb4b68450fd4e350ef"}
}
