{"/home/nuwanp/mini-pos/api/controllers/carts.js": {"path":"/home/nuwanp/mini-pos/api/controllers/carts.js","statementMap":{"0":{"start":{"line":1,"column":17},"end":{"line":1,"column":36}},"1":{"start":{"line":3,"column":13},"end":{"line":3,"column":41}},"2":{"start":{"line":4,"column":13},"end":{"line":4,"column":41}},"3":{"start":{"line":6,"column":0},"end":{"line":15,"column":2}},"4":{"start":{"line":7,"column":2},"end":{"line":14,"column":7}},"5":{"start":{"line":9,"column":19},"end":{"line":9,"column":34}},"6":{"start":{"line":11,"column":6},"end":{"line":13,"column":9}},"7":{"start":{"line":17,"column":0},"end":{"line":95,"column":2}},"8":{"start":{"line":18,"column":2},"end":{"line":94,"column":3}},"9":{"start":{"line":19,"column":4},"end":{"line":41,"column":7}},"10":{"start":{"line":20,"column":6},"end":{"line":40,"column":7}},"11":{"start":{"line":21,"column":8},"end":{"line":21,"column":25}},"12":{"start":{"line":22,"column":8},"end":{"line":22,"column":49}},"13":{"start":{"line":23,"column":8},"end":{"line":23,"column":15}},"14":{"start":{"line":25,"column":8},"end":{"line":39,"column":10}},"15":{"start":{"line":33,"column":12},"end":{"line":37,"column":13}},"16":{"start":{"line":34,"column":14},"end":{"line":34,"column":43}},"17":{"start":{"line":36,"column":14},"end":{"line":36,"column":28}},"18":{"start":{"line":43,"column":4},"end":{"line":93,"column":5}},"19":{"start":{"line":44,"column":6},"end":{"line":67,"column":9}},"20":{"start":{"line":45,"column":8},"end":{"line":66,"column":9}},"21":{"start":{"line":46,"column":10},"end":{"line":46,"column":27}},"22":{"start":{"line":47,"column":10},"end":{"line":47,"column":17}},"23":{"start":{"line":49,"column":10},"end":{"line":65,"column":12}},"24":{"start":{"line":57,"column":14},"end":{"line":63,"column":15}},"25":{"start":{"line":58,"column":30},"end":{"line":58,"column":74}},"26":{"start":{"line":59,"column":16},"end":{"line":59,"column":41}},"27":{"start":{"line":60,"column":16},"end":{"line":60,"column":57}},"28":{"start":{"line":60,"column":41},"end":{"line":60,"column":55}},"29":{"start":{"line":62,"column":16},"end":{"line":62,"column":30}},"30":{"start":{"line":69,"column":22},"end":{"line":73,"column":8}},"31":{"start":{"line":75,"column":6},"end":{"line":92,"column":9}},"32":{"start":{"line":76,"column":8},"end":{"line":91,"column":13}},"33":{"start":{"line":78,"column":12},"end":{"line":82,"column":13}},"34":{"start":{"line":79,"column":14},"end":{"line":81,"column":17}},"35":{"start":{"line":83,"column":12},"end":{"line":83,"column":38}},"36":{"start":{"line":84,"column":12},"end":{"line":84,"column":57}},"37":{"start":{"line":87,"column":12},"end":{"line":87,"column":29}},"38":{"start":{"line":88,"column":12},"end":{"line":90,"column":15}},"39":{"start":{"line":97,"column":0},"end":{"line":111,"column":2}},"40":{"start":{"line":98,"column":2},"end":{"line":110,"column":4}},"41":{"start":{"line":102,"column":6},"end":{"line":108,"column":7}},"42":{"start":{"line":103,"column":8},"end":{"line":103,"column":25}},"43":{"start":{"line":104,"column":8},"end":{"line":104,"column":49}},"44":{"start":{"line":105,"column":8},"end":{"line":105,"column":15}},"45":{"start":{"line":107,"column":8},"end":{"line":107,"column":48}},"46":{"start":{"line":113,"column":0},"end":{"line":117,"column":2}},"47":{"start":{"line":114,"column":2},"end":{"line":116,"column":60}},"48":{"start":{"line":115,"column":18},"end":{"line":115,"column":71}},"49":{"start":{"line":115,"column":43},"end":{"line":115,"column":70}},"50":{"start":{"line":116,"column":18},"end":{"line":116,"column":58}}},"fnMap":{"0":{"name":"(anonymous_0)","decl":{"start":{"line":6,"column":20},"end":{"line":6,"column":21}},"loc":{"start":{"line":6,"column":34},"end":{"line":15,"column":1}},"line":6},"1":{"name":"(anonymous_1)","decl":{"start":{"line":9,"column":10},"end":{"line":9,"column":11}},"loc":{"start":{"line":9,"column":19},"end":{"line":9,"column":34}},"line":9},"2":{"name":"(anonymous_2)","decl":{"start":{"line":10,"column":11},"end":{"line":10,"column":12}},"loc":{"start":{"line":10,"column":18},"end":{"line":14,"column":5}},"line":10},"3":{"name":"(anonymous_3)","decl":{"start":{"line":17,"column":21},"end":{"line":17,"column":22}},"loc":{"start":{"line":17,"column":35},"end":{"line":95,"column":1}},"line":17},"4":{"name":"(anonymous_4)","decl":{"start":{"line":19,"column":32},"end":{"line":19,"column":33}},"loc":{"start":{"line":19,"column":52},"end":{"line":41,"column":5}},"line":19},"5":{"name":"(anonymous_5)","decl":{"start":{"line":32,"column":10},"end":{"line":32,"column":11}},"loc":{"start":{"line":32,"column":29},"end":{"line":38,"column":11}},"line":32},"6":{"name":"(anonymous_6)","decl":{"start":{"line":44,"column":34},"end":{"line":44,"column":35}},"loc":{"start":{"line":44,"column":54},"end":{"line":67,"column":7}},"line":44},"7":{"name":"(anonymous_7)","decl":{"start":{"line":56,"column":12},"end":{"line":56,"column":13}},"loc":{"start":{"line":56,"column":31},"end":{"line":64,"column":13}},"line":56},"8":{"name":"(anonymous_8)","decl":{"start":{"line":60,"column":33},"end":{"line":60,"column":34}},"loc":{"start":{"line":60,"column":41},"end":{"line":60,"column":55}},"line":60},"9":{"name":"(anonymous_9)","decl":{"start":{"line":75,"column":26},"end":{"line":75,"column":27}},"loc":{"start":{"line":75,"column":34},"end":{"line":92,"column":7}},"line":75},"10":{"name":"(anonymous_10)","decl":{"start":{"line":77,"column":16},"end":{"line":77,"column":17}},"loc":{"start":{"line":77,"column":24},"end":{"line":85,"column":11}},"line":77},"11":{"name":"(anonymous_11)","decl":{"start":{"line":86,"column":17},"end":{"line":86,"column":18}},"loc":{"start":{"line":86,"column":24},"end":{"line":91,"column":11}},"line":86},"12":{"name":"(anonymous_12)","decl":{"start":{"line":97,"column":23},"end":{"line":97,"column":24}},"loc":{"start":{"line":97,"column":37},"end":{"line":111,"column":1}},"line":97},"13":{"name":"(anonymous_13)","decl":{"start":{"line":101,"column":4},"end":{"line":101,"column":5}},"loc":{"start":{"line":101,"column":23},"end":{"line":109,"column":5}},"line":101},"14":{"name":"(anonymous_14)","decl":{"start":{"line":113,"column":22},"end":{"line":113,"column":23}},"loc":{"start":{"line":113,"column":36},"end":{"line":117,"column":1}},"line":113},"15":{"name":"(anonymous_15)","decl":{"start":{"line":115,"column":10},"end":{"line":115,"column":11}},"loc":{"start":{"line":115,"column":18},"end":{"line":115,"column":71}},"line":115},"16":{"name":"(anonymous_16)","decl":{"start":{"line":115,"column":37},"end":{"line":115,"column":38}},"loc":{"start":{"line":115,"column":43},"end":{"line":115,"column":70}},"line":115},"17":{"name":"(anonymous_17)","decl":{"start":{"line":116,"column":11},"end":{"line":116,"column":12}},"loc":{"start":{"line":116,"column":18},"end":{"line":116,"column":58}},"line":116}},"branchMap":{"0":{"loc":{"start":{"line":18,"column":2},"end":{"line":94,"column":3}},"type":"if","locations":[{"start":{"line":18,"column":2},"end":{"line":94,"column":3}},{"start":{"line":18,"column":2},"end":{"line":94,"column":3}}],"line":18},"1":{"loc":{"start":{"line":20,"column":6},"end":{"line":40,"column":7}},"type":"if","locations":[{"start":{"line":20,"column":6},"end":{"line":40,"column":7}},{"start":{"line":20,"column":6},"end":{"line":40,"column":7}}],"line":20},"2":{"loc":{"start":{"line":33,"column":12},"end":{"line":37,"column":13}},"type":"if","locations":[{"start":{"line":33,"column":12},"end":{"line":37,"column":13}},{"start":{"line":33,"column":12},"end":{"line":37,"column":13}}],"line":33},"3":{"loc":{"start":{"line":43,"column":4},"end":{"line":93,"column":5}},"type":"if","locations":[{"start":{"line":43,"column":4},"end":{"line":93,"column":5}},{"start":{"line":43,"column":4},"end":{"line":93,"column":5}}],"line":43},"4":{"loc":{"start":{"line":45,"column":8},"end":{"line":66,"column":9}},"type":"if","locations":[{"start":{"line":45,"column":8},"end":{"line":66,"column":9}},{"start":{"line":45,"column":8},"end":{"line":66,"column":9}}],"line":45},"5":{"loc":{"start":{"line":57,"column":14},"end":{"line":63,"column":15}},"type":"if","locations":[{"start":{"line":57,"column":14},"end":{"line":63,"column":15}},{"start":{"line":57,"column":14},"end":{"line":63,"column":15}}],"line":57},"6":{"loc":{"start":{"line":78,"column":12},"end":{"line":82,"column":13}},"type":"if","locations":[{"start":{"line":78,"column":12},"end":{"line":82,"column":13}},{"start":{"line":78,"column":12},"end":{"line":82,"column":13}}],"line":78},"7":{"loc":{"start":{"line":102,"column":6},"end":{"line":108,"column":7}},"type":"if","locations":[{"start":{"line":102,"column":6},"end":{"line":108,"column":7}},{"start":{"line":102,"column":6},"end":{"line":108,"column":7}}],"line":102}},"s":{"0":1,"1":1,"2":1,"3":1,"4":0,"5":0,"6":0,"7":1,"8":0,"9":0,"10":0,"11":0,"12":0,"13":0,"14":0,"15":0,"16":0,"17":0,"18":0,"19":0,"20":0,"21":0,"22":0,"23":0,"24":0,"25":0,"26":0,"27":0,"28":0,"29":0,"30":0,"31":0,"32":0,"33":0,"34":0,"35":0,"36":0,"37":0,"38":0,"39":1,"40":0,"41":0,"42":0,"43":0,"44":0,"45":0,"46":1,"47":0,"48":0,"49":0,"50":0},"f":{"0":0,"1":0,"2":0,"3":0,"4":0,"5":0,"6":0,"7":0,"8":0,"9":0,"10":0,"11":0,"12":0,"13":0,"14":0,"15":0,"16":0,"17":0},"b":{"0":[0,0],"1":[0,0],"2":[0,0],"3":[0,0],"4":[0,0],"5":[0,0],"6":[0,0],"7":[0,0]},"_coverageSchema":"43e27e138ebf9cfc5966b082cf9a028302ed4184","hash":"7c679c527042b3a7240510713da3341370d96d70"}
,"/home/nuwanp/mini-pos/api/controllers/items.js": {"path":"/home/nuwanp/mini-pos/api/controllers/items.js","statementMap":{"0":{"start":{"line":1,"column":16},"end":{"line":1,"column":34}},"1":{"start":{"line":2,"column":15},"end":{"line":2,"column":31}},"2":{"start":{"line":3,"column":17},"end":{"line":3,"column":36}},"3":{"start":{"line":4,"column":15},"end":{"line":4,"column":32}},"4":{"start":{"line":5,"column":18},"end":{"line":5,"column":53}},"5":{"start":{"line":6,"column":16},"end":{"line":13,"column":2}},"6":{"start":{"line":8,"column":4},"end":{"line":8,"column":33}},"7":{"start":{"line":11,"column":4},"end":{"line":11,"column":35}},"8":{"start":{"line":14,"column":15},"end":{"line":14,"column":43}},"9":{"start":{"line":17,"column":13},"end":{"line":17,"column":41}},"10":{"start":{"line":19,"column":0},"end":{"line":24,"column":2}},"11":{"start":{"line":20,"column":2},"end":{"line":23,"column":56}},"12":{"start":{"line":22,"column":19},"end":{"line":22,"column":34}},"13":{"start":{"line":23,"column":18},"end":{"line":23,"column":54}},"14":{"start":{"line":26,"column":0},"end":{"line":40,"column":2}},"15":{"start":{"line":27,"column":18},"end":{"line":34,"column":4}},"16":{"start":{"line":36,"column":2},"end":{"line":39,"column":56}},"17":{"start":{"line":38,"column":18},"end":{"line":38,"column":32}},"18":{"start":{"line":39,"column":18},"end":{"line":39,"column":54}},"19":{"start":{"line":42,"column":0},"end":{"line":51,"column":2}},"20":{"start":{"line":43,"column":2},"end":{"line":50,"column":60}},"21":{"start":{"line":45,"column":6},"end":{"line":48,"column":59}},"22":{"start":{"line":47,"column":20},"end":{"line":47,"column":47}},"23":{"start":{"line":48,"column":22},"end":{"line":48,"column":58}},"24":{"start":{"line":50,"column":18},"end":{"line":50,"column":58}}},"fnMap":{"0":{"name":"(anonymous_0)","decl":{"start":{"line":7,"column":15},"end":{"line":7,"column":16}},"loc":{"start":{"line":7,"column":39},"end":{"line":9,"column":3}},"line":7},"1":{"name":"(anonymous_1)","decl":{"start":{"line":10,"column":12},"end":{"line":10,"column":13}},"loc":{"start":{"line":10,"column":36},"end":{"line":12,"column":3}},"line":10},"2":{"name":"(anonymous_2)","decl":{"start":{"line":19,"column":20},"end":{"line":19,"column":21}},"loc":{"start":{"line":19,"column":34},"end":{"line":24,"column":1}},"line":19},"3":{"name":"(anonymous_3)","decl":{"start":{"line":22,"column":10},"end":{"line":22,"column":11}},"loc":{"start":{"line":22,"column":19},"end":{"line":22,"column":34}},"line":22},"4":{"name":"(anonymous_4)","decl":{"start":{"line":23,"column":11},"end":{"line":23,"column":12}},"loc":{"start":{"line":23,"column":18},"end":{"line":23,"column":54}},"line":23},"5":{"name":"(anonymous_5)","decl":{"start":{"line":26,"column":19},"end":{"line":26,"column":20}},"loc":{"start":{"line":26,"column":33},"end":{"line":40,"column":1}},"line":26},"6":{"name":"(anonymous_6)","decl":{"start":{"line":38,"column":10},"end":{"line":38,"column":11}},"loc":{"start":{"line":38,"column":18},"end":{"line":38,"column":32}},"line":38},"7":{"name":"(anonymous_7)","decl":{"start":{"line":39,"column":11},"end":{"line":39,"column":12}},"loc":{"start":{"line":39,"column":18},"end":{"line":39,"column":54}},"line":39},"8":{"name":"(anonymous_8)","decl":{"start":{"line":42,"column":22},"end":{"line":42,"column":23}},"loc":{"start":{"line":42,"column":36},"end":{"line":51,"column":1}},"line":42},"9":{"name":"(anonymous_9)","decl":{"start":{"line":44,"column":10},"end":{"line":44,"column":11}},"loc":{"start":{"line":45,"column":6},"end":{"line":48,"column":59}},"line":45},"10":{"name":"(anonymous_10)","decl":{"start":{"line":47,"column":14},"end":{"line":47,"column":15}},"loc":{"start":{"line":47,"column":20},"end":{"line":47,"column":47}},"line":47},"11":{"name":"(anonymous_11)","decl":{"start":{"line":48,"column":15},"end":{"line":48,"column":16}},"loc":{"start":{"line":48,"column":22},"end":{"line":48,"column":58}},"line":48},"12":{"name":"(anonymous_12)","decl":{"start":{"line":50,"column":11},"end":{"line":50,"column":12}},"loc":{"start":{"line":50,"column":18},"end":{"line":50,"column":58}},"line":50}},"branchMap":{},"s":{"0":1,"1":1,"2":1,"3":1,"4":1,"5":1,"6":0,"7":0,"8":1,"9":1,"10":1,"11":0,"12":0,"13":0,"14":1,"15":0,"16":0,"17":0,"18":0,"19":1,"20":0,"21":0,"22":0,"23":0,"24":0},"f":{"0":0,"1":0,"2":0,"3":0,"4":0,"5":0,"6":0,"7":0,"8":0,"9":0,"10":0,"11":0,"12":0},"b":{},"_coverageSchema":"43e27e138ebf9cfc5966b082cf9a028302ed4184","hash":"1be1dc9562fedc2dfa99fc59f434d94a5d98a1f4"}
,"/home/nuwanp/mini-pos/api/controllers/user.js": {"path":"/home/nuwanp/mini-pos/api/controllers/user.js","statementMap":{"0":{"start":{"line":1,"column":13},"end":{"line":1,"column":41}},"1":{"start":{"line":2,"column":13},"end":{"line":2,"column":41}},"2":{"start":{"line":3,"column":15},"end":{"line":3,"column":32}},"3":{"start":{"line":4,"column":12},"end":{"line":4,"column":35}},"4":{"start":{"line":5,"column":15},"end":{"line":5,"column":50}},"5":{"start":{"line":7,"column":0},"end":{"line":9,"column":2}},"6":{"start":{"line":8,"column":2},"end":{"line":8,"column":30}},"7":{"start":{"line":11,"column":0},"end":{"line":50,"column":2}},"8":{"start":{"line":12,"column":2},"end":{"line":49,"column":7}},"9":{"start":{"line":15,"column":6},"end":{"line":48,"column":7}},"10":{"start":{"line":16,"column":8},"end":{"line":18,"column":11}},"11":{"start":{"line":20,"column":8},"end":{"line":47,"column":11}},"12":{"start":{"line":21,"column":10},"end":{"line":46,"column":11}},"13":{"start":{"line":22,"column":12},"end":{"line":24,"column":15}},"14":{"start":{"line":26,"column":25},"end":{"line":31,"column":14}},"15":{"start":{"line":32,"column":12},"end":{"line":45,"column":17}},"16":{"start":{"line":35,"column":16},"end":{"line":35,"column":36}},"17":{"start":{"line":36,"column":16},"end":{"line":38,"column":19}},"18":{"start":{"line":41,"column":16},"end":{"line":41,"column":33}},"19":{"start":{"line":42,"column":16},"end":{"line":44,"column":19}},"20":{"start":{"line":52,"column":0},"end":{"line":95,"column":2}},"21":{"start":{"line":53,"column":2},"end":{"line":94,"column":7}},"22":{"start":{"line":56,"column":6},"end":{"line":60,"column":7}},"23":{"start":{"line":57,"column":8},"end":{"line":59,"column":11}},"24":{"start":{"line":61,"column":6},"end":{"line":87,"column":9}},"25":{"start":{"line":62,"column":8},"end":{"line":66,"column":9}},"26":{"start":{"line":63,"column":10},"end":{"line":65,"column":13}},"27":{"start":{"line":67,"column":8},"end":{"line":83,"column":9}},"28":{"start":{"line":68,"column":24},"end":{"line":77,"column":11}},"29":{"start":{"line":78,"column":10},"end":{"line":82,"column":43}},"30":{"start":{"line":84,"column":8},"end":{"line":86,"column":11}},"31":{"start":{"line":90,"column":6},"end":{"line":90,"column":23}},"32":{"start":{"line":91,"column":6},"end":{"line":93,"column":9}},"33":{"start":{"line":97,"column":0},"end":{"line":99,"column":2}},"34":{"start":{"line":98,"column":2},"end":{"line":98,"column":43}},"35":{"start":{"line":101,"column":0},"end":{"line":115,"column":2}},"36":{"start":{"line":102,"column":2},"end":{"line":114,"column":7}},"37":{"start":{"line":105,"column":6},"end":{"line":107,"column":9}},"38":{"start":{"line":110,"column":6},"end":{"line":110,"column":23}},"39":{"start":{"line":111,"column":6},"end":{"line":113,"column":9}},"40":{"start":{"line":117,"column":0},"end":{"line":137,"column":2}},"41":{"start":{"line":118,"column":2},"end":{"line":136,"column":7}},"42":{"start":{"line":124,"column":6},"end":{"line":128,"column":7}},"43":{"start":{"line":125,"column":8},"end":{"line":127,"column":11}},"44":{"start":{"line":129,"column":6},"end":{"line":129,"column":53}},"45":{"start":{"line":132,"column":6},"end":{"line":132,"column":29}},"46":{"start":{"line":133,"column":6},"end":{"line":135,"column":9}},"47":{"start":{"line":139,"column":0},"end":{"line":156,"column":2}},"48":{"start":{"line":140,"column":2},"end":{"line":155,"column":7}},"49":{"start":{"line":142,"column":6},"end":{"line":146,"column":7}},"50":{"start":{"line":143,"column":8},"end":{"line":145,"column":11}},"51":{"start":{"line":147,"column":6},"end":{"line":147,"column":37}},"52":{"start":{"line":148,"column":6},"end":{"line":148,"column":64}},"53":{"start":{"line":151,"column":6},"end":{"line":151,"column":35}},"54":{"start":{"line":152,"column":6},"end":{"line":154,"column":9}},"55":{"start":{"line":158,"column":0},"end":{"line":190,"column":2}},"56":{"start":{"line":159,"column":2},"end":{"line":189,"column":5}},"57":{"start":{"line":160,"column":4},"end":{"line":188,"column":5}},"58":{"start":{"line":161,"column":6},"end":{"line":161,"column":23}},"59":{"start":{"line":162,"column":6},"end":{"line":162,"column":47}},"60":{"start":{"line":163,"column":6},"end":{"line":163,"column":13}},"61":{"start":{"line":165,"column":6},"end":{"line":187,"column":8}},"62":{"start":{"line":173,"column":10},"end":{"line":185,"column":11}},"63":{"start":{"line":174,"column":12},"end":{"line":174,"column":41}},"64":{"start":{"line":176,"column":12},"end":{"line":184,"column":15}},"65":{"start":{"line":177,"column":14},"end":{"line":183,"column":15}},"66":{"start":{"line":178,"column":16},"end":{"line":178,"column":33}},"67":{"start":{"line":179,"column":16},"end":{"line":179,"column":57}},"68":{"start":{"line":180,"column":16},"end":{"line":180,"column":23}},"69":{"start":{"line":182,"column":16},"end":{"line":182,"column":56}}},"fnMap":{"0":{"name":"(anonymous_0)","decl":{"start":{"line":7,"column":31},"end":{"line":7,"column":32}},"loc":{"start":{"line":7,"column":45},"end":{"line":9,"column":1}},"line":7},"1":{"name":"(anonymous_1)","decl":{"start":{"line":11,"column":22},"end":{"line":11,"column":23}},"loc":{"start":{"line":11,"column":42},"end":{"line":50,"column":1}},"line":11},"2":{"name":"(anonymous_2)","decl":{"start":{"line":14,"column":10},"end":{"line":14,"column":11}},"loc":{"start":{"line":14,"column":18},"end":{"line":49,"column":5}},"line":14},"3":{"name":"(anonymous_3)","decl":{"start":{"line":20,"column":43},"end":{"line":20,"column":44}},"loc":{"start":{"line":20,"column":58},"end":{"line":47,"column":9}},"line":20},"4":{"name":"(anonymous_4)","decl":{"start":{"line":34,"column":20},"end":{"line":34,"column":21}},"loc":{"start":{"line":34,"column":30},"end":{"line":39,"column":15}},"line":34},"5":{"name":"(anonymous_5)","decl":{"start":{"line":40,"column":21},"end":{"line":40,"column":22}},"loc":{"start":{"line":40,"column":28},"end":{"line":45,"column":15}},"line":40},"6":{"name":"(anonymous_6)","decl":{"start":{"line":52,"column":21},"end":{"line":52,"column":22}},"loc":{"start":{"line":52,"column":41},"end":{"line":95,"column":1}},"line":52},"7":{"name":"(anonymous_7)","decl":{"start":{"line":55,"column":10},"end":{"line":55,"column":11}},"loc":{"start":{"line":55,"column":18},"end":{"line":88,"column":5}},"line":55},"8":{"name":"(anonymous_8)","decl":{"start":{"line":61,"column":58},"end":{"line":61,"column":59}},"loc":{"start":{"line":61,"column":75},"end":{"line":87,"column":7}},"line":61},"9":{"name":"(anonymous_9)","decl":{"start":{"line":89,"column":11},"end":{"line":89,"column":12}},"loc":{"start":{"line":89,"column":18},"end":{"line":94,"column":5}},"line":89},"10":{"name":"(anonymous_10)","decl":{"start":{"line":97,"column":22},"end":{"line":97,"column":23}},"loc":{"start":{"line":97,"column":42},"end":{"line":99,"column":1}},"line":97},"11":{"name":"(anonymous_11)","decl":{"start":{"line":101,"column":22},"end":{"line":101,"column":23}},"loc":{"start":{"line":101,"column":42},"end":{"line":115,"column":1}},"line":101},"12":{"name":"(anonymous_12)","decl":{"start":{"line":104,"column":10},"end":{"line":104,"column":11}},"loc":{"start":{"line":104,"column":20},"end":{"line":108,"column":5}},"line":104},"13":{"name":"(anonymous_13)","decl":{"start":{"line":109,"column":11},"end":{"line":109,"column":12}},"loc":{"start":{"line":109,"column":18},"end":{"line":114,"column":5}},"line":109},"14":{"name":"(anonymous_14)","decl":{"start":{"line":117,"column":23},"end":{"line":117,"column":24}},"loc":{"start":{"line":117,"column":43},"end":{"line":137,"column":1}},"line":117},"15":{"name":"(anonymous_15)","decl":{"start":{"line":123,"column":10},"end":{"line":123,"column":11}},"loc":{"start":{"line":123,"column":18},"end":{"line":130,"column":5}},"line":123},"16":{"name":"(anonymous_16)","decl":{"start":{"line":131,"column":11},"end":{"line":131,"column":12}},"loc":{"start":{"line":131,"column":18},"end":{"line":136,"column":5}},"line":131},"17":{"name":"(anonymous_17)","decl":{"start":{"line":139,"column":19},"end":{"line":139,"column":20}},"loc":{"start":{"line":139,"column":39},"end":{"line":156,"column":1}},"line":139},"18":{"name":"(anonymous_18)","decl":{"start":{"line":141,"column":10},"end":{"line":141,"column":11}},"loc":{"start":{"line":141,"column":18},"end":{"line":149,"column":5}},"line":141},"19":{"name":"(anonymous_19)","decl":{"start":{"line":150,"column":11},"end":{"line":150,"column":12}},"loc":{"start":{"line":150,"column":18},"end":{"line":155,"column":5}},"line":150},"20":{"name":"(anonymous_20)","decl":{"start":{"line":158,"column":22},"end":{"line":158,"column":23}},"loc":{"start":{"line":158,"column":42},"end":{"line":190,"column":1}},"line":158},"21":{"name":"(anonymous_21)","decl":{"start":{"line":159,"column":30},"end":{"line":159,"column":31}},"loc":{"start":{"line":159,"column":50},"end":{"line":189,"column":3}},"line":159},"22":{"name":"(anonymous_22)","decl":{"start":{"line":172,"column":8},"end":{"line":172,"column":9}},"loc":{"start":{"line":172,"column":27},"end":{"line":186,"column":9}},"line":172},"23":{"name":"(anonymous_23)","decl":{"start":{"line":176,"column":50},"end":{"line":176,"column":51}},"loc":{"start":{"line":176,"column":70},"end":{"line":184,"column":13}},"line":176}},"branchMap":{"0":{"loc":{"start":{"line":15,"column":6},"end":{"line":48,"column":7}},"type":"if","locations":[{"start":{"line":15,"column":6},"end":{"line":48,"column":7}},{"start":{"line":15,"column":6},"end":{"line":48,"column":7}}],"line":15},"1":{"loc":{"start":{"line":21,"column":10},"end":{"line":46,"column":11}},"type":"if","locations":[{"start":{"line":21,"column":10},"end":{"line":46,"column":11}},{"start":{"line":21,"column":10},"end":{"line":46,"column":11}}],"line":21},"2":{"loc":{"start":{"line":56,"column":6},"end":{"line":60,"column":7}},"type":"if","locations":[{"start":{"line":56,"column":6},"end":{"line":60,"column":7}},{"start":{"line":56,"column":6},"end":{"line":60,"column":7}}],"line":56},"3":{"loc":{"start":{"line":62,"column":8},"end":{"line":66,"column":9}},"type":"if","locations":[{"start":{"line":62,"column":8},"end":{"line":66,"column":9}},{"start":{"line":62,"column":8},"end":{"line":66,"column":9}}],"line":62},"4":{"loc":{"start":{"line":67,"column":8},"end":{"line":83,"column":9}},"type":"if","locations":[{"start":{"line":67,"column":8},"end":{"line":83,"column":9}},{"start":{"line":67,"column":8},"end":{"line":83,"column":9}}],"line":67},"5":{"loc":{"start":{"line":124,"column":6},"end":{"line":128,"column":7}},"type":"if","locations":[{"start":{"line":124,"column":6},"end":{"line":128,"column":7}},{"start":{"line":124,"column":6},"end":{"line":128,"column":7}}],"line":124},"6":{"loc":{"start":{"line":142,"column":6},"end":{"line":146,"column":7}},"type":"if","locations":[{"start":{"line":142,"column":6},"end":{"line":146,"column":7}},{"start":{"line":142,"column":6},"end":{"line":146,"column":7}}],"line":142},"7":{"loc":{"start":{"line":160,"column":4},"end":{"line":188,"column":5}},"type":"if","locations":[{"start":{"line":160,"column":4},"end":{"line":188,"column":5}},{"start":{"line":160,"column":4},"end":{"line":188,"column":5}}],"line":160},"8":{"loc":{"start":{"line":173,"column":10},"end":{"line":185,"column":11}},"type":"if","locations":[{"start":{"line":173,"column":10},"end":{"line":185,"column":11}},{"start":{"line":173,"column":10},"end":{"line":185,"column":11}}],"line":173},"9":{"loc":{"start":{"line":177,"column":14},"end":{"line":183,"column":15}},"type":"if","locations":[{"start":{"line":177,"column":14},"end":{"line":183,"column":15}},{"start":{"line":177,"column":14},"end":{"line":183,"column":15}}],"line":177}},"s":{"0":1,"1":1,"2":1,"3":1,"4":1,"5":1,"6":0,"7":1,"8":0,"9":0,"10":0,"11":0,"12":0,"13":0,"14":0,"15":0,"16":0,"17":0,"18":0,"19":0,"20":1,"21":0,"22":0,"23":0,"24":0,"25":0,"26":0,"27":0,"28":0,"29":0,"30":0,"31":0,"32":0,"33":1,"34":0,"35":1,"36":0,"37":0,"38":0,"39":0,"40":1,"41":0,"42":0,"43":0,"44":0,"45":0,"46":0,"47":1,"48":0,"49":0,"50":0,"51":0,"52":0,"53":0,"54":0,"55":1,"56":0,"57":0,"58":0,"59":0,"60":0,"61":0,"62":0,"63":0,"64":0,"65":0,"66":0,"67":0,"68":0,"69":0},"f":{"0":0,"1":0,"2":0,"3":0,"4":0,"5":0,"6":0,"7":0,"8":0,"9":0,"10":0,"11":0,"12":0,"13":0,"14":0,"15":0,"16":0,"17":0,"18":0,"19":0,"20":0,"21":0,"22":0,"23":0},"b":{"0":[0,0],"1":[0,0],"2":[0,0],"3":[0,0],"4":[0,0],"5":[0,0],"6":[0,0],"7":[0,0],"8":[0,0],"9":[0,0]},"_coverageSchema":"43e27e138ebf9cfc5966b082cf9a028302ed4184","hash":"88bcfcadf8fa300b55ec030888e3be90d53872f5"}
,"/home/nuwanp/mini-pos/api/middleware/check-auth.js": {"path":"/home/nuwanp/mini-pos/api/middleware/check-auth.js","statementMap":{"0":{"start":{"line":1,"column":12},"end":{"line":1,"column":35}},"1":{"start":{"line":2,"column":15},"end":{"line":2,"column":50}},"2":{"start":{"line":4,"column":0},"end":{"line":20,"column":2}},"3":{"start":{"line":6,"column":2},"end":{"line":19,"column":3}},"4":{"start":{"line":8,"column":6},"end":{"line":11,"column":23}},"5":{"start":{"line":12,"column":20},"end":{"line":12,"column":45}},"6":{"start":{"line":13,"column":4},"end":{"line":13,"column":27}},"7":{"start":{"line":14,"column":4},"end":{"line":14,"column":11}},"8":{"start":{"line":16,"column":4},"end":{"line":18,"column":7}}},"fnMap":{"0":{"name":"(anonymous_0)","decl":{"start":{"line":4,"column":17},"end":{"line":4,"column":18}},"loc":{"start":{"line":4,"column":37},"end":{"line":20,"column":1}},"line":4}},"branchMap":{"0":{"loc":{"start":{"line":8,"column":6},"end":{"line":11,"column":23}},"type":"binary-expr","locations":[{"start":{"line":8,"column":6},"end":{"line":8,"column":20}},{"start":{"line":9,"column":6},"end":{"line":9,"column":21}},{"start":{"line":10,"column":6},"end":{"line":10,"column":35}},{"start":{"line":11,"column":6},"end":{"line":11,"column":23}}],"line":8}},"s":{"0":1,"1":1,"2":1,"3":0,"4":0,"5":0,"6":0,"7":0,"8":0},"f":{"0":0},"b":{"0":[0,0,0,0]},"_coverageSchema":"43e27e138ebf9cfc5966b082cf9a028302ed4184","hash":"a6bcc68118f9558adedf29e6322a5a4eb6f2edef"}
,"/home/nuwanp/mini-pos/api/middleware/image_uploader.js": {"path":"/home/nuwanp/mini-pos/api/middleware/image_uploader.js","statementMap":{"0":{"start":{"line":1,"column":15},"end":{"line":1,"column":32}},"1":{"start":{"line":3,"column":16},"end":{"line":10,"column":2}},"2":{"start":{"line":5,"column":4},"end":{"line":5,"column":33}},"3":{"start":{"line":8,"column":4},"end":{"line":8,"column":35}},"4":{"start":{"line":11,"column":15},"end":{"line":11,"column":43}},"5":{"start":{"line":13,"column":0},"end":{"line":22,"column":2}},"6":{"start":{"line":15,"column":2},"end":{"line":21,"column":3}},"7":{"start":{"line":16,"column":4},"end":{"line":16,"column":38}},"8":{"start":{"line":18,"column":4},"end":{"line":20,"column":7}}},"fnMap":{"0":{"name":"(anonymous_0)","decl":{"start":{"line":4,"column":15},"end":{"line":4,"column":16}},"loc":{"start":{"line":4,"column":39},"end":{"line":6,"column":3}},"line":4},"1":{"name":"(anonymous_1)","decl":{"start":{"line":7,"column":12},"end":{"line":7,"column":13}},"loc":{"start":{"line":7,"column":36},"end":{"line":9,"column":3}},"line":7},"2":{"name":"(anonymous_2)","decl":{"start":{"line":13,"column":24},"end":{"line":13,"column":25}},"loc":{"start":{"line":13,"column":44},"end":{"line":22,"column":1}},"line":13}},"branchMap":{},"s":{"0":1,"1":1,"2":0,"3":0,"4":1,"5":1,"6":1,"7":1,"8":0},"f":{"0":0,"1":0,"2":1},"b":{},"_coverageSchema":"43e27e138ebf9cfc5966b082cf9a028302ed4184","hash":"3bfa87fba378b8e82b67c5838884c47376ca277a"}
,"/home/nuwanp/mini-pos/api/routes/carts.js": {"path":"/home/nuwanp/mini-pos/api/routes/carts.js","statementMap":{"0":{"start":{"line":1,"column":16},"end":{"line":1,"column":34}},"1":{"start":{"line":2,"column":15},"end":{"line":2,"column":31}},"2":{"start":{"line":3,"column":18},"end":{"line":3,"column":53}},"3":{"start":{"line":7,"column":25},"end":{"line":7,"column":56}},"4":{"start":{"line":9,"column":0},"end":{"line":9,"column":58}},"5":{"start":{"line":11,"column":0},"end":{"line":11,"column":57}},"6":{"start":{"line":13,"column":0},"end":{"line":13,"column":66}},"7":{"start":{"line":15,"column":0},"end":{"line":15,"column":63}},"8":{"start":{"line":17,"column":0},"end":{"line":17,"column":24}}},"fnMap":{},"branchMap":{},"s":{"0":1,"1":1,"2":1,"3":1,"4":1,"5":1,"6":1,"7":1,"8":1},"f":{},"b":{},"_coverageSchema":"43e27e138ebf9cfc5966b082cf9a028302ed4184","hash":"fa9019571f48bccdfbce46c4390c10f048c7ec13"}
,"/home/nuwanp/mini-pos/api/routes/items.js": {"path":"/home/nuwanp/mini-pos/api/routes/items.js","statementMap":{"0":{"start":{"line":1,"column":16},"end":{"line":1,"column":34}},"1":{"start":{"line":2,"column":15},"end":{"line":2,"column":31}},"2":{"start":{"line":3,"column":18},"end":{"line":3,"column":53}},"3":{"start":{"line":4,"column":25},"end":{"line":4,"column":64}},"4":{"start":{"line":6,"column":25},"end":{"line":6,"column":56}},"5":{"start":{"line":8,"column":0},"end":{"line":8,"column":55}},"6":{"start":{"line":10,"column":0},"end":{"line":15,"column":2}},"7":{"start":{"line":17,"column":0},"end":{"line":17,"column":63}},"8":{"start":{"line":19,"column":0},"end":{"line":19,"column":24}}},"fnMap":{},"branchMap":{},"s":{"0":1,"1":1,"2":1,"3":1,"4":1,"5":1,"6":1,"7":1,"8":1},"f":{},"b":{},"_coverageSchema":"43e27e138ebf9cfc5966b082cf9a028302ed4184","hash":"e59d55c82540117a66c7f2bb2655e265eb07b366"}
,"/home/nuwanp/mini-pos/api/routes/user.js": {"path":"/home/nuwanp/mini-pos/api/routes/user.js","statementMap":{"0":{"start":{"line":1,"column":16},"end":{"line":1,"column":34}},"1":{"start":{"line":2,"column":15},"end":{"line":2,"column":31}},"2":{"start":{"line":3,"column":18},"end":{"line":3,"column":53}},"3":{"start":{"line":5,"column":24},"end":{"line":5,"column":54}},"4":{"start":{"line":7,"column":0},"end":{"line":7,"column":69}},"5":{"start":{"line":9,"column":0},"end":{"line":9,"column":52}},"6":{"start":{"line":11,"column":0},"end":{"line":11,"column":50}},"7":{"start":{"line":13,"column":0},"end":{"line":13,"column":63}},"8":{"start":{"line":15,"column":0},"end":{"line":15,"column":66}},"9":{"start":{"line":17,"column":0},"end":{"line":17,"column":66}},"10":{"start":{"line":19,"column":0},"end":{"line":19,"column":61}},"11":{"start":{"line":21,"column":0},"end":{"line":21,"column":67}},"12":{"start":{"line":23,"column":0},"end":{"line":23,"column":24}}},"fnMap":{},"branchMap":{},"s":{"0":1,"1":1,"2":1,"3":1,"4":1,"5":1,"6":1,"7":1,"8":1,"9":1,"10":1,"11":1,"12":1},"f":{},"b":{},"_coverageSchema":"43e27e138ebf9cfc5966b082cf9a028302ed4184","hash":"efe4251324705b9c0823aad0d40728faedd9a24f"}
,"/home/nuwanp/mini-pos/config/keys.js": {"path":"/home/nuwanp/mini-pos/config/keys.js","statementMap":{"0":{"start":{"line":1,"column":0},"end":{"line":5,"column":2}}},"fnMap":{},"branchMap":{},"s":{"0":1},"f":{},"b":{},"_coverageSchema":"43e27e138ebf9cfc5966b082cf9a028302ed4184","hash":"be1387f86bd4947442a27f4a76b67de73c236c6e"}
,"/home/nuwanp/mini-pos/models/Cart.js": {"path":"/home/nuwanp/mini-pos/models/Cart.js","statementMap":{"0":{"start":{"line":1,"column":17},"end":{"line":1,"column":36}},"1":{"start":{"line":2,"column":15},"end":{"line":2,"column":30}},"2":{"start":{"line":5,"column":19},"end":{"line":19,"column":2}},"3":{"start":{"line":21,"column":0},"end":{"line":21,"column":52}}},"fnMap":{},"branchMap":{},"s":{"0":1,"1":1,"2":1,"3":1},"f":{},"b":{},"_coverageSchema":"43e27e138ebf9cfc5966b082cf9a028302ed4184","hash":"98f56f7f65c8fc1a95fe9efcd5f7fa62dbd34545"}
,"/home/nuwanp/mini-pos/models/Item.js": {"path":"/home/nuwanp/mini-pos/models/Item.js","statementMap":{"0":{"start":{"line":1,"column":17},"end":{"line":1,"column":36}},"1":{"start":{"line":2,"column":15},"end":{"line":2,"column":30}},"2":{"start":{"line":5,"column":19},"end":{"line":22,"column":2}},"3":{"start":{"line":24,"column":0},"end":{"line":24,"column":52}}},"fnMap":{},"branchMap":{},"s":{"0":1,"1":1,"2":1,"3":1},"f":{},"b":{},"_coverageSchema":"43e27e138ebf9cfc5966b082cf9a028302ed4184","hash":"7147e4b106dc52e73c44539afa7e8bd4e8a458c1"}
,"/home/nuwanp/mini-pos/models/User.js": {"path":"/home/nuwanp/mini-pos/models/User.js","statementMap":{"0":{"start":{"line":1,"column":17},"end":{"line":1,"column":36}},"1":{"start":{"line":2,"column":15},"end":{"line":2,"column":30}},"2":{"start":{"line":4,"column":19},"end":{"line":14,"column":2}},"3":{"start":{"line":16,"column":0},"end":{"line":16,"column":52}}},"fnMap":{},"branchMap":{},"s":{"0":1,"1":1,"2":1,"3":1},"f":{},"b":{},"_coverageSchema":"43e27e138ebf9cfc5966b082cf9a028302ed4184","hash":"9568817ebb4fce61db7b12fb4b68450fd4e350ef"}
}
