TN:
SF:/home/nuwanp/mini-pos/api/controllers/carts.js
FN:6,(anonymous_0)
FN:9,(anonymous_1)
FN:10,(anonymous_2)
FN:17,(anonymous_3)
FN:19,(anonymous_4)
FN:32,(anonymous_5)
FN:44,(anonymous_6)
FN:56,(anonymous_7)
FN:60,(anonymous_8)
FN:75,(anonymous_9)
FN:77,(anonymous_10)
FN:86,(anonymous_11)
FN:97,(anonymous_12)
FN:101,(anonymous_13)
FN:113,(anonymous_14)
FN:115,(anonymous_15)
FN:115,(anonymous_16)
FN:116,(anonymous_17)
FNF:18
FNH:0
FNDA:0,(anonymous_0)
FNDA:0,(anonymous_1)
FNDA:0,(anonymous_2)
FNDA:0,(anonymous_3)
FNDA:0,(anonymous_4)
FNDA:0,(anonymous_5)
FNDA:0,(anonymous_6)
FNDA:0,(anonymous_7)
FNDA:0,(anonymous_8)
FNDA:0,(anonymous_9)
FNDA:0,(anonymous_10)
FNDA:0,(anonymous_11)
FNDA:0,(anonymous_12)
FNDA:0,(anonymous_13)
FNDA:0,(anonymous_14)
FNDA:0,(anonymous_15)
FNDA:0,(anonymous_16)
FNDA:0,(anonymous_17)
DA:1,1
DA:3,1
DA:4,1
DA:6,1
DA:7,0
DA:9,0
DA:11,0
DA:17,1
DA:18,0
DA:19,0
DA:20,0
DA:21,0
DA:22,0
DA:23,0
DA:25,0
DA:33,0
DA:34,0
DA:36,0
DA:43,0
DA:44,0
DA:45,0
DA:46,0
DA:47,0
DA:49,0
DA:57,0
DA:58,0
DA:59,0
DA:60,0
DA:62,0
DA:69,0
DA:75,0
DA:76,0
DA:78,0
DA:79,0
DA:83,0
DA:84,0
DA:87,0
DA:88,0
DA:97,1
DA:98,0
DA:102,0
DA:103,0
DA:104,0
DA:105,0
DA:107,0
DA:113,1
DA:114,0
DA:115,0
DA:116,0
LF:49
LH:7
BRDA:18,0,0,0
BRDA:18,0,1,0
BRDA:20,1,0,0
BRDA:20,1,1,0
BRDA:33,2,0,0
BRDA:33,2,1,0
BRDA:43,3,0,0
BRDA:43,3,1,0
BRDA:45,4,0,0
BRDA:45,4,1,0
BRDA:57,5,0,0
BRDA:57,5,1,0
BRDA:78,6,0,0
BRDA:78,6,1,0
BRDA:102,7,0,0
BRDA:102,7,1,0
BRF:16
BRH:0
end_of_record
TN:
SF:/home/nuwanp/mini-pos/api/controllers/items.js
FN:7,(anonymous_0)
FN:10,(anonymous_1)
FN:19,(anonymous_2)
FN:22,(anonymous_3)
FN:23,(anonymous_4)
FN:26,(anonymous_5)
FN:38,(anonymous_6)
FN:39,(anonymous_7)
FN:42,(anonymous_8)
FN:44,(anonymous_9)
FN:47,(anonymous_10)
FN:48,(anonymous_11)
FN:50,(anonymous_12)
FNF:13
FNH:0
FNDA:0,(anonymous_0)
FNDA:0,(anonymous_1)
FNDA:0,(anonymous_2)
FNDA:0,(anonymous_3)
FNDA:0,(anonymous_4)
FNDA:0,(anonymous_5)
FNDA:0,(anonymous_6)
FNDA:0,(anonymous_7)
FNDA:0,(anonymous_8)
FNDA:0,(anonymous_9)
FNDA:0,(anonymous_10)
FNDA:0,(anonymous_11)
FNDA:0,(anonymous_12)
DA:1,1
DA:2,1
DA:3,1
DA:4,1
DA:5,1
DA:6,1
DA:8,0
DA:11,0
DA:14,1
DA:17,1
DA:19,1
DA:20,0
DA:22,0
DA:23,0
DA:26,1
DA:27,0
DA:36,0
DA:38,0
DA:39,0
DA:42,1
DA:43,0
DA:45,0
DA:47,0
DA:48,0
DA:50,0
LF:25
LH:11
BRF:0
BRH:0
end_of_record
TN:
SF:/home/nuwanp/mini-pos/api/controllers/user.js
FN:7,(anonymous_0)
FN:11,(anonymous_1)
FN:14,(anonymous_2)
FN:20,(anonymous_3)
FN:34,(anonymous_4)
FN:40,(anonymous_5)
FN:52,(anonymous_6)
FN:55,(anonymous_7)
FN:61,(anonymous_8)
FN:89,(anonymous_9)
FN:97,(anonymous_10)
FN:101,(anonymous_11)
FN:104,(anonymous_12)
FN:109,(anonymous_13)
FN:117,(anonymous_14)
FN:123,(anonymous_15)
FN:131,(anonymous_16)
FN:139,(anonymous_17)
FN:141,(anonymous_18)
FN:150,(anonymous_19)
FN:158,(anonymous_20)
FN:159,(anonymous_21)
FN:172,(anonymous_22)
FN:176,(anonymous_23)
FNF:24
FNH:0
FNDA:0,(anonymous_0)
FNDA:0,(anonymous_1)
FNDA:0,(anonymous_2)
FNDA:0,(anonymous_3)
FNDA:0,(anonymous_4)
FNDA:0,(anonymous_5)
FNDA:0,(anonymous_6)
FNDA:0,(anonymous_7)
FNDA:0,(anonymous_8)
FNDA:0,(anonymous_9)
FNDA:0,(anonymous_10)
FNDA:0,(anonymous_11)
FNDA:0,(anonymous_12)
FNDA:0,(anonymous_13)
FNDA:0,(anonymous_14)
FNDA:0,(anonymous_15)
FNDA:0,(anonymous_16)
FNDA:0,(anonymous_17)
FNDA:0,(anonymous_18)
FNDA:0,(anonymous_19)
FNDA:0,(anonymous_20)
FNDA:0,(anonymous_21)
FNDA:0,(anonymous_22)
FNDA:0,(anonymous_23)
DA:1,1
DA:2,1
DA:3,1
DA:4,1
DA:5,1
DA:7,1
DA:8,0
DA:11,1
DA:12,0
DA:15,0
DA:16,0
DA:20,0
DA:21,0
DA:22,0
DA:26,0
DA:32,0
DA:35,0
DA:36,0
DA:41,0
DA:42,0
DA:52,1
DA:53,0
DA:56,0
DA:57,0
DA:61,0
DA:62,0
DA:63,0
DA:67,0
DA:68,0
DA:78,0
DA:84,0
DA:90,0
DA:91,0
DA:97,1
DA:98,0
DA:101,1
DA:102,0
DA:105,0
DA:110,0
DA:111,0
DA:117,1
DA:118,0
DA:124,0
DA:125,0
DA:129,0
DA:132,0
DA:133,0
DA:139,1
DA:140,0
DA:142,0
DA:143,0
DA:147,0
DA:148,0
DA:151,0
DA:152,0
DA:158,1
DA:159,0
DA:160,0
DA:161,0
DA:162,0
DA:163,0
DA:165,0
DA:173,0
DA:174,0
DA:176,0
DA:177,0
DA:178,0
DA:179,0
DA:180,0
DA:182,0
LF:70
LH:13
BRDA:15,0,0,0
BRDA:15,0,1,0
BRDA:21,1,0,0
BRDA:21,1,1,0
BRDA:56,2,0,0
BRDA:56,2,1,0
BRDA:62,3,0,0
BRDA:62,3,1,0
BRDA:67,4,0,0
BRDA:67,4,1,0
BRDA:124,5,0,0
BRDA:124,5,1,0
BRDA:142,6,0,0
BRDA:142,6,1,0
BRDA:160,7,0,0
BRDA:160,7,1,0
BRDA:173,8,0,0
BRDA:173,8,1,0
BRDA:177,9,0,0
BRDA:177,9,1,0
BRF:20
BRH:0
end_of_record
TN:
SF:/home/nuwanp/mini-pos/api/middleware/check-auth.js
FN:4,(anonymous_0)
FNF:1
FNH:0
FNDA:0,(anonymous_0)
DA:1,1
DA:2,1
DA:4,1
DA:6,0
DA:8,0
DA:12,0
DA:13,0
DA:14,0
DA:16,0
LF:9
LH:3
BRDA:8,0,0,0
BRDA:8,0,1,0
BRDA:8,0,2,0
BRDA:8,0,3,0
BRF:4
BRH:0
end_of_record
TN:
SF:/home/nuwanp/mini-pos/api/middleware/image_uploader.js
FN:4,(anonymous_0)
FN:7,(anonymous_1)
FN:13,(anonymous_2)
FNF:3
FNH:1
FNDA:0,(anonymous_0)
FNDA:0,(anonymous_1)
FNDA:1,(anonymous_2)
DA:1,1
DA:3,1
DA:5,0
DA:8,0
DA:11,1
DA:13,1
DA:15,1
DA:16,1
DA:18,0
LF:9
LH:6
BRF:0
BRH:0
end_of_record
TN:
SF:/home/nuwanp/mini-pos/api/routes/carts.js
FNF:0
FNH:0
DA:1,1
DA:2,1
DA:3,1
DA:7,1
DA:9,1
DA:11,1
DA:13,1
DA:15,1
DA:17,1
LF:9
LH:9
BRF:0
BRH:0
end_of_record
TN:
SF:/home/nuwanp/mini-pos/api/routes/items.js
FNF:0
FNH:0
DA:1,1
DA:2,1
DA:3,1
DA:4,1
DA:6,1
DA:8,1
DA:10,1
DA:17,1
DA:19,1
LF:9
LH:9
BRF:0
BRH:0
end_of_record
TN:
SF:/home/nuwanp/mini-pos/api/routes/user.js
FNF:0
FNH:0
DA:1,1
DA:2,1
DA:3,1
DA:5,1
DA:7,1
DA:9,1
DA:11,1
DA:13,1
DA:15,1
DA:17,1
DA:19,1
DA:21,1
DA:23,1
LF:13
LH:13
BRF:0
BRH:0
end_of_record
TN:
SF:/home/nuwanp/mini-pos/config/keys.js
FNF:0
FNH:0
DA:1,1
LF:1
LH:1
BRF:0
BRH:0
end_of_record
TN:
SF:/home/nuwanp/mini-pos/models/Cart.js
FNF:0
FNH:0
DA:1,1
DA:2,1
DA:5,1
DA:21,1
LF:4
LH:4
BRF:0
BRH:0
end_of_record
TN:
SF:/home/nuwanp/mini-pos/models/Item.js
FNF:0
FNH:0
DA:1,1
DA:2,1
DA:5,1
DA:24,1
LF:4
LH:4
BRF:0
BRH:0
end_of_record
TN:
SF:/home/nuwanp/mini-pos/models/User.js
FNF:0
FNH:0
DA:1,1
DA:2,1
DA:4,1
DA:16,1
LF:4
LH:4
BRF:0
BRH:0
end_of_record
